=== Zacinam pokus ===
Aktualni permutace: 00000000
Set-Cookie: theCatchSessionID=ded5tldfsbldbifbb1ctne1q7u; expires=Wed, 16-Oct-2019 15:53:37 GMT; Max-Age=2; path=/; HttpOnly
Aktualni ulozena cookie:
#HttpOnly_challenges.thecatch.cz	FALSE	/	FALSE	1571241043	theCatchSessionID	ded5tldfsbldbifbb1ctne1q7u
Vysledek:
You failed the test, you are just OUTDATED HUMAN!  
*** Koncim pokus ***
=== Zacinam pokus ===
Aktualni permutace: 00000001
Set-Cookie: theCatchSessionID=2q2ccc3kvplhb7ldiqtc49njjt; expires=Wed, 16-Oct-2019 15:53:37 GMT; Max-Age=2; path=/; HttpOnly
Aktualni ulozena cookie:
#HttpOnly_challenges.thecatch.cz	FALSE	/	FALSE	1571241043	theCatchSessionID	2q2ccc3kvplhb7ldiqtc49njjt
Vysledek:
You failed the test, you are just OUTDATED HUMAN!  
*** Koncim pokus ***
=== Zacinam pokus ===
Aktualni permutace: 00000010
Set-Cookie: theCatchSessionID=3mn27v3k8ipjk6cer695lgq446; expires=Wed, 16-Oct-2019 15:53:37 GMT; Max-Age=2; path=/; HttpOnly
Aktualni ulozena cookie:
#HttpOnly_challenges.thecatch.cz	FALSE	/	FALSE	1571241044	theCatchSessionID	3mn27v3k8ipjk6cer695lgq446
Vysledek:
You failed the test, you are just OUTDATED HUMAN!  
*** Koncim pokus ***
=== Zacinam pokus ===
Aktualni permutace: 00000011
Set-Cookie: theCatchSessionID=cvmbdou41mjol3jktbfgtv1cak; expires=Wed, 16-Oct-2019 15:53:37 GMT; Max-Age=2; path=/; HttpOnly
Aktualni ulozena cookie:
#HttpOnly_challenges.thecatch.cz	FALSE	/	FALSE	1571241044	theCatchSessionID	cvmbdou41mjol3jktbfgtv1cak
Vysledek:
You failed the test, you are just OUTDATED HUMAN!  
*** Koncim pokus ***
=== Zacinam pokus ===
Aktualni permutace: 00000100
Set-Cookie: theCatchSessionID=olk7b451ru09vqc65p9oju465u; expires=Wed, 16-Oct-2019 15:53:37 GMT; Max-Age=2; path=/; HttpOnly
Aktualni ulozena cookie:
#HttpOnly_challenges.thecatch.cz	FALSE	/	FALSE	1571241044	theCatchSessionID	olk7b451ru09vqc65p9oju465u
Vysledek:
You failed the test, you are just OUTDATED HUMAN!  
*** Koncim pokus ***
=== Zacinam pokus ===
Aktualni permutace: 00000101
Set-Cookie: theCatchSessionID=6u4vce2jll99lb93n7ks2oq9cb; expires=Wed, 16-Oct-2019 15:53:37 GMT; Max-Age=2; path=/; HttpOnly
Aktualni ulozena cookie:
#HttpOnly_challenges.thecatch.cz	FALSE	/	FALSE	1571241044	theCatchSessionID	6u4vce2jll99lb93n7ks2oq9cb
Vysledek:
You failed the test, you are just OUTDATED HUMAN!  
*** Koncim pokus ***
=== Zacinam pokus ===
Aktualni permutace: 00000110
Set-Cookie: theCatchSessionID=rslddccj4c5em98a7tpi0qtafs; expires=Wed, 16-Oct-2019 15:53:38 GMT; Max-Age=2; path=/; HttpOnly
Aktualni ulozena cookie:
#HttpOnly_challenges.thecatch.cz	FALSE	/	FALSE	1571241044	theCatchSessionID	rslddccj4c5em98a7tpi0qtafs
Vysledek:
You failed the test, you are just OUTDATED HUMAN!  
*** Koncim pokus ***
=== Zacinam pokus ===
Aktualni permutace: 00000111
Set-Cookie: theCatchSessionID=05qa0f82qqmv98hc8mm94iht68; expires=Wed, 16-Oct-2019 15:53:38 GMT; Max-Age=2; path=/; HttpOnly
Aktualni ulozena cookie:
#HttpOnly_challenges.thecatch.cz	FALSE	/	FALSE	1571241044	theCatchSessionID	05qa0f82qqmv98hc8mm94iht68
Vysledek:
You failed the test, you are just OUTDATED HUMAN!  
*** Koncim pokus ***
=== Zacinam pokus ===
Aktualni permutace: 00001000
Set-Cookie: theCatchSessionID=sks6ngft3cv6vtoh6d0mclbnbp; expires=Wed, 16-Oct-2019 15:53:38 GMT; Max-Age=2; path=/; HttpOnly
Aktualni ulozena cookie:
#HttpOnly_challenges.thecatch.cz	FALSE	/	FALSE	1571241044	theCatchSessionID	sks6ngft3cv6vtoh6d0mclbnbp
Vysledek:
You failed the test, you are just OUTDATED HUMAN!  
*** Koncim pokus ***
=== Zacinam pokus ===
Aktualni permutace: 00001001
Set-Cookie: theCatchSessionID=7dppqduni1qs8c9il457uqcru3; expires=Wed, 16-Oct-2019 15:53:38 GMT; Max-Age=2; path=/; HttpOnly
Aktualni ulozena cookie:
#HttpOnly_challenges.thecatch.cz	FALSE	/	FALSE	1571241045	theCatchSessionID	7dppqduni1qs8c9il457uqcru3
Vysledek:
You failed the test, you are just OUTDATED HUMAN!  
*** Koncim pokus ***
=== Zacinam pokus ===
Aktualni permutace: 00001010
Set-Cookie: theCatchSessionID=p3720qn65ulis7s9tpc2av63f4; expires=Wed, 16-Oct-2019 15:53:38 GMT; Max-Age=2; path=/; HttpOnly
Aktualni ulozena cookie:
#HttpOnly_challenges.thecatch.cz	FALSE	/	FALSE	1571241045	theCatchSessionID	p3720qn65ulis7s9tpc2av63f4
Vysledek:
You failed the test, you are just OUTDATED HUMAN!  
*** Koncim pokus ***
=== Zacinam pokus ===
Aktualni permutace: 00001011
Set-Cookie: theCatchSessionID=ptjgh231ubp07lhpkehpfror9r; expires=Wed, 16-Oct-2019 15:53:38 GMT; Max-Age=2; path=/; HttpOnly
Aktualni ulozena cookie:
#HttpOnly_challenges.thecatch.cz	FALSE	/	FALSE	1571241045	theCatchSessionID	ptjgh231ubp07lhpkehpfror9r
Vysledek:
You failed the test, you are just OUTDATED HUMAN!  
*** Koncim pokus ***
=== Zacinam pokus ===
Aktualni permutace: 00001100
Set-Cookie: theCatchSessionID=11e8tfp1s1fc5qqgpucoq77tb0; expires=Wed, 16-Oct-2019 15:53:38 GMT; Max-Age=2; path=/; HttpOnly
Aktualni ulozena cookie:
#HttpOnly_challenges.thecatch.cz	FALSE	/	FALSE	1571241045	theCatchSessionID	11e8tfp1s1fc5qqgpucoq77tb0
Vysledek:
You failed the test, you are just OUTDATED HUMAN!  
*** Koncim pokus ***
=== Zacinam pokus ===
Aktualni permutace: 00001101
Set-Cookie: theCatchSessionID=9kbeon1rvcdj4qbcktmhdqnggn; expires=Wed, 16-Oct-2019 15:53:39 GMT; Max-Age=2; path=/; HttpOnly
Aktualni ulozena cookie:
#HttpOnly_challenges.thecatch.cz	FALSE	/	FALSE	1571241045	theCatchSessionID	9kbeon1rvcdj4qbcktmhdqnggn
Vysledek:
You failed the test, you are just OUTDATED HUMAN!  
*** Koncim pokus ***
=== Zacinam pokus ===
Aktualni permutace: 00001110
Set-Cookie: theCatchSessionID=dngi2ervi6odikrlapssg11ash; expires=Wed, 16-Oct-2019 15:53:39 GMT; Max-Age=2; path=/; HttpOnly
Aktualni ulozena cookie:
#HttpOnly_challenges.thecatch.cz	FALSE	/	FALSE	1571241045	theCatchSessionID	dngi2ervi6odikrlapssg11ash
Vysledek:
You failed the test, you are just OUTDATED HUMAN!  
*** Koncim pokus ***
=== Zacinam pokus ===
Aktualni permutace: 00001111
Set-Cookie: theCatchSessionID=goc7i4c36ldrpr314obl5jnu8m; expires=Wed, 16-Oct-2019 15:53:39 GMT; Max-Age=2; path=/; HttpOnly
Aktualni ulozena cookie:
#HttpOnly_challenges.thecatch.cz	FALSE	/	FALSE	1571241045	theCatchSessionID	goc7i4c36ldrpr314obl5jnu8m
Vysledek:
You failed the test, you are just OUTDATED HUMAN!  
*** Koncim pokus ***
=== Zacinam pokus ===
Aktualni permutace: 00010000
Set-Cookie: theCatchSessionID=pu1mkp0sn81mq7215vjiftqp01; expires=Wed, 16-Oct-2019 15:53:39 GMT; Max-Age=2; path=/; HttpOnly
Aktualni ulozena cookie:
#HttpOnly_challenges.thecatch.cz	FALSE	/	FALSE	1571241046	theCatchSessionID	pu1mkp0sn81mq7215vjiftqp01
Vysledek:
You failed the test, you are just OUTDATED HUMAN!  
*** Koncim pokus ***
=== Zacinam pokus ===
Aktualni permutace: 00010001
Set-Cookie: theCatchSessionID=v68n7iq6n489jm55k9irh9niaj; expires=Wed, 16-Oct-2019 15:53:39 GMT; Max-Age=2; path=/; HttpOnly
Aktualni ulozena cookie:
#HttpOnly_challenges.thecatch.cz	FALSE	/	FALSE	1571241046	theCatchSessionID	v68n7iq6n489jm55k9irh9niaj
Vysledek:
You failed the test, you are just OUTDATED HUMAN!  
*** Koncim pokus ***
=== Zacinam pokus ===
Aktualni permutace: 00010010
Set-Cookie: theCatchSessionID=f6d1les9ot3bvvgq22sbj5qvle; expires=Wed, 16-Oct-2019 15:53:39 GMT; Max-Age=2; path=/; HttpOnly
Aktualni ulozena cookie:
#HttpOnly_challenges.thecatch.cz	FALSE	/	FALSE	1571241046	theCatchSessionID	f6d1les9ot3bvvgq22sbj5qvle
Vysledek:
You failed the test, you are just OUTDATED HUMAN!  
*** Koncim pokus ***
=== Zacinam pokus ===
Aktualni permutace: 00010011
Set-Cookie: theCatchSessionID=bgk3i51nrt231hiaasda85pdqj; expires=Wed, 16-Oct-2019 15:53:39 GMT; Max-Age=2; path=/; HttpOnly
Aktualni ulozena cookie:
#HttpOnly_challenges.thecatch.cz	FALSE	/	FALSE	1571241046	theCatchSessionID	bgk3i51nrt231hiaasda85pdqj
Vysledek:
You failed the test, you are just OUTDATED HUMAN!  
*** Koncim pokus ***
=== Zacinam pokus ===
Aktualni permutace: 00010100
Set-Cookie: theCatchSessionID=ljaa9g43c63qgc7ueb97ja7m35; expires=Wed, 16-Oct-2019 15:53:39 GMT; Max-Age=2; path=/; HttpOnly
Aktualni ulozena cookie:
#HttpOnly_challenges.thecatch.cz	FALSE	/	FALSE	1571241046	theCatchSessionID	ljaa9g43c63qgc7ueb97ja7m35
Vysledek:
You failed the test, you are just OUTDATED HUMAN!  
*** Koncim pokus ***
=== Zacinam pokus ===
Aktualni permutace: 00010101
Set-Cookie: theCatchSessionID=u7mdc3jnjksc7tttgi8l1hovlr; expires=Wed, 16-Oct-2019 15:53:40 GMT; Max-Age=2; path=/; HttpOnly
Aktualni ulozena cookie:
#HttpOnly_challenges.thecatch.cz	FALSE	/	FALSE	1571241046	theCatchSessionID	u7mdc3jnjksc7tttgi8l1hovlr
Vysledek:
You failed the test, you are just OUTDATED HUMAN!  
*** Koncim pokus ***
=== Zacinam pokus ===
Aktualni permutace: 00010110
Set-Cookie: theCatchSessionID=ptmbjkj8v20dsldfbc3qmudfed; expires=Wed, 16-Oct-2019 15:53:40 GMT; Max-Age=2; path=/; HttpOnly
Aktualni ulozena cookie:
#HttpOnly_challenges.thecatch.cz	FALSE	/	FALSE	1571241046	theCatchSessionID	ptmbjkj8v20dsldfbc3qmudfed
Vysledek:
You failed the test, you are just OUTDATED HUMAN!  
*** Koncim pokus ***
=== Zacinam pokus ===
Aktualni permutace: 00010111
Set-Cookie: theCatchSessionID=i355ngcqimbhld37sdm9lmgv99; expires=Wed, 16-Oct-2019 15:53:40 GMT; Max-Age=2; path=/; HttpOnly
Aktualni ulozena cookie:
#HttpOnly_challenges.thecatch.cz	FALSE	/	FALSE	1571241046	theCatchSessionID	i355ngcqimbhld37sdm9lmgv99
Vysledek:
You failed the test, you are just OUTDATED HUMAN!  
*** Koncim pokus ***
=== Zacinam pokus ===
Aktualni permutace: 00011000
Set-Cookie: theCatchSessionID=nmh6l6r8i2vmkqtir121ggg323; expires=Wed, 16-Oct-2019 15:53:40 GMT; Max-Age=2; path=/; HttpOnly
Aktualni ulozena cookie:
#HttpOnly_challenges.thecatch.cz	FALSE	/	FALSE	1571241047	theCatchSessionID	nmh6l6r8i2vmkqtir121ggg323
Vysledek:
You failed the test, you are just OUTDATED HUMAN!  
*** Koncim pokus ***
=== Zacinam pokus ===
Aktualni permutace: 00011001
Set-Cookie: theCatchSessionID=4f0h8v353v1sq0nl95g6qtfd1l; expires=Wed, 16-Oct-2019 15:53:40 GMT; Max-Age=2; path=/; HttpOnly
Aktualni ulozena cookie:
#HttpOnly_challenges.thecatch.cz	FALSE	/	FALSE	1571241047	theCatchSessionID	4f0h8v353v1sq0nl95g6qtfd1l
Vysledek:
You failed the test, you are just OUTDATED HUMAN!  
*** Koncim pokus ***
=== Zacinam pokus ===
Aktualni permutace: 00011010
Set-Cookie: theCatchSessionID=ro239d0tqervoefffb3polvpfc; expires=Wed, 16-Oct-2019 15:53:40 GMT; Max-Age=2; path=/; HttpOnly
Aktualni ulozena cookie:
#HttpOnly_challenges.thecatch.cz	FALSE	/	FALSE	1571241047	theCatchSessionID	ro239d0tqervoefffb3polvpfc
Vysledek:
You failed the test, you are just OUTDATED HUMAN!  
*** Koncim pokus ***
=== Zacinam pokus ===
Aktualni permutace: 00011011
Set-Cookie: theCatchSessionID=986m8v28luus247892tdgm3l3p; expires=Wed, 16-Oct-2019 15:53:40 GMT; Max-Age=2; path=/; HttpOnly
Aktualni ulozena cookie:
#HttpOnly_challenges.thecatch.cz	FALSE	/	FALSE	1571241047	theCatchSessionID	986m8v28luus247892tdgm3l3p
Vysledek:
You failed the test, you are just OUTDATED HUMAN!  
*** Koncim pokus ***
=== Zacinam pokus ===
Aktualni permutace: 00011100
Set-Cookie: theCatchSessionID=n68b56shj83lbrb1p0k927666t; expires=Wed, 16-Oct-2019 15:53:41 GMT; Max-Age=2; path=/; HttpOnly
Aktualni ulozena cookie:
#HttpOnly_challenges.thecatch.cz	FALSE	/	FALSE	1571241047	theCatchSessionID	n68b56shj83lbrb1p0k927666t
Vysledek:
You failed the test, you are just OUTDATED HUMAN!  
*** Koncim pokus ***
=== Zacinam pokus ===
Aktualni permutace: 00011101
Set-Cookie: theCatchSessionID=qtr2qa8qhcia8d3tagmrpcuved; expires=Wed, 16-Oct-2019 15:53:41 GMT; Max-Age=2; path=/; HttpOnly
Aktualni ulozena cookie:
#HttpOnly_challenges.thecatch.cz	FALSE	/	FALSE	1571241047	theCatchSessionID	qtr2qa8qhcia8d3tagmrpcuved
Vysledek:
You failed the test, you are just OUTDATED HUMAN!  
*** Koncim pokus ***
=== Zacinam pokus ===
Aktualni permutace: 00011110
Set-Cookie: theCatchSessionID=ucna88gkmbmji85s83pfer715s; expires=Wed, 16-Oct-2019 15:53:41 GMT; Max-Age=2; path=/; HttpOnly
Aktualni ulozena cookie:
#HttpOnly_challenges.thecatch.cz	FALSE	/	FALSE	1571241047	theCatchSessionID	ucna88gkmbmji85s83pfer715s
Vysledek:
You failed the test, you are just OUTDATED HUMAN!  
*** Koncim pokus ***
=== Zacinam pokus ===
Aktualni permutace: 00011111
Set-Cookie: theCatchSessionID=habti9uhrcrg86el9b28vqkebf; expires=Wed, 16-Oct-2019 15:53:41 GMT; Max-Age=2; path=/; HttpOnly
Aktualni ulozena cookie:
#HttpOnly_challenges.thecatch.cz	FALSE	/	FALSE	1571241048	theCatchSessionID	habti9uhrcrg86el9b28vqkebf
Vysledek:
You failed the test, you are just OUTDATED HUMAN!  
*** Koncim pokus ***
=== Zacinam pokus ===
Aktualni permutace: 00100000
Set-Cookie: theCatchSessionID=qun2aftah04eb4sd0uqql144ke; expires=Wed, 16-Oct-2019 15:53:41 GMT; Max-Age=2; path=/; HttpOnly
Aktualni ulozena cookie:
#HttpOnly_challenges.thecatch.cz	FALSE	/	FALSE	1571241048	theCatchSessionID	qun2aftah04eb4sd0uqql144ke
Vysledek:
You failed the test, you are just OUTDATED HUMAN!  
*** Koncim pokus ***
=== Zacinam pokus ===
Aktualni permutace: 00100001
Set-Cookie: theCatchSessionID=7q4tekjd2m9u95ibnbrohi20f1; expires=Wed, 16-Oct-2019 15:53:41 GMT; Max-Age=2; path=/; HttpOnly
Aktualni ulozena cookie:
#HttpOnly_challenges.thecatch.cz	FALSE	/	FALSE	1571241048	theCatchSessionID	7q4tekjd2m9u95ibnbrohi20f1
Vysledek:
You failed the test, you are just OUTDATED HUMAN!  
*** Koncim pokus ***
=== Zacinam pokus ===
Aktualni permutace: 00100010
Set-Cookie: theCatchSessionID=18mdb2r00im713uqst3g4kcijn; expires=Wed, 16-Oct-2019 15:53:41 GMT; Max-Age=2; path=/; HttpOnly
Aktualni ulozena cookie:
#HttpOnly_challenges.thecatch.cz	FALSE	/	FALSE	1571241048	theCatchSessionID	18mdb2r00im713uqst3g4kcijn
Vysledek:
You failed the test, you are just OUTDATED HUMAN!  
*** Koncim pokus ***
=== Zacinam pokus ===
Aktualni permutace: 00100011
Set-Cookie: theCatchSessionID=j50saonl1djgbh58nqunlk5c64; expires=Wed, 16-Oct-2019 15:53:41 GMT; Max-Age=2; path=/; HttpOnly
Aktualni ulozena cookie:
#HttpOnly_challenges.thecatch.cz	FALSE	/	FALSE	1571241048	theCatchSessionID	j50saonl1djgbh58nqunlk5c64
Vysledek:
You failed the test, you are just OUTDATED HUMAN!  
*** Koncim pokus ***
=== Zacinam pokus ===
Aktualni permutace: 00100100
Set-Cookie: theCatchSessionID=qp6pflvda9097vqr2jijjipn9h; expires=Wed, 16-Oct-2019 15:53:42 GMT; Max-Age=2; path=/; HttpOnly
Aktualni ulozena cookie:
#HttpOnly_challenges.thecatch.cz	FALSE	/	FALSE	1571241048	theCatchSessionID	qp6pflvda9097vqr2jijjipn9h
Vysledek:
You failed the test, you are just OUTDATED HUMAN!  
*** Koncim pokus ***
=== Zacinam pokus ===
Aktualni permutace: 00100101
Set-Cookie: theCatchSessionID=f379lqhvd2rtshbtssa61to566; expires=Wed, 16-Oct-2019 15:53:42 GMT; Max-Age=2; path=/; HttpOnly
Aktualni ulozena cookie:
#HttpOnly_challenges.thecatch.cz	FALSE	/	FALSE	1571241048	theCatchSessionID	f379lqhvd2rtshbtssa61to566
Vysledek:
You failed the test, you are just OUTDATED HUMAN!  
*** Koncim pokus ***
=== Zacinam pokus ===
Aktualni permutace: 00100110
Set-Cookie: theCatchSessionID=kvfhu2r886bteobqfpcul3l8dm; expires=Wed, 16-Oct-2019 15:53:42 GMT; Max-Age=2; path=/; HttpOnly
Aktualni ulozena cookie:
#HttpOnly_challenges.thecatch.cz	FALSE	/	FALSE	1571241048	theCatchSessionID	kvfhu2r886bteobqfpcul3l8dm
Vysledek:
You failed the test, you are just OUTDATED HUMAN!  
*** Koncim pokus ***
=== Zacinam pokus ===
Aktualni permutace: 00100111
Set-Cookie: theCatchSessionID=n99efbu0q3gg1vnc3rdbbafln6; expires=Wed, 16-Oct-2019 15:53:42 GMT; Max-Age=2; path=/; HttpOnly
Aktualni ulozena cookie:
#HttpOnly_challenges.thecatch.cz	FALSE	/	FALSE	1571241049	theCatchSessionID	n99efbu0q3gg1vnc3rdbbafln6
Vysledek:
You failed the test, you are just OUTDATED HUMAN!  
*** Koncim pokus ***
=== Zacinam pokus ===
Aktualni permutace: 00101000
Set-Cookie: theCatchSessionID=d6meei831ddi3mkf011tnhdf0i; expires=Wed, 16-Oct-2019 15:53:42 GMT; Max-Age=2; path=/; HttpOnly
Aktualni ulozena cookie:
#HttpOnly_challenges.thecatch.cz	FALSE	/	FALSE	1571241049	theCatchSessionID	d6meei831ddi3mkf011tnhdf0i
Vysledek:
You failed the test, you are just OUTDATED HUMAN!  
*** Koncim pokus ***
=== Zacinam pokus ===
Aktualni permutace: 00101001
Set-Cookie: theCatchSessionID=nv7fglh7rjgs5cc6dvodqncmjg; expires=Wed, 16-Oct-2019 15:53:42 GMT; Max-Age=2; path=/; HttpOnly
Aktualni ulozena cookie:
#HttpOnly_challenges.thecatch.cz	FALSE	/	FALSE	1571241049	theCatchSessionID	nv7fglh7rjgs5cc6dvodqncmjg
Vysledek:
You failed the test, you are just OUTDATED HUMAN!  
*** Koncim pokus ***
=== Zacinam pokus ===
Aktualni permutace: 00101010
Set-Cookie: theCatchSessionID=ogia0gkisq32altlhuhin24lsa; expires=Wed, 16-Oct-2019 15:53:42 GMT; Max-Age=2; path=/; HttpOnly
Aktualni ulozena cookie:
#HttpOnly_challenges.thecatch.cz	FALSE	/	FALSE	1571241049	theCatchSessionID	ogia0gkisq32altlhuhin24lsa
Vysledek:
You failed the test, you are just OUTDATED HUMAN!  
*** Koncim pokus ***
=== Zacinam pokus ===
Aktualni permutace: 00101011
Set-Cookie: theCatchSessionID=oltndqaoa1m3tecq456fns8rfo; expires=Wed, 16-Oct-2019 15:53:43 GMT; Max-Age=2; path=/; HttpOnly
Aktualni ulozena cookie:
#HttpOnly_challenges.thecatch.cz	FALSE	/	FALSE	1571241049	theCatchSessionID	oltndqaoa1m3tecq456fns8rfo
Vysledek:
You failed the test, you are just OUTDATED HUMAN!  
*** Koncim pokus ***
=== Zacinam pokus ===
Aktualni permutace: 00101100
Set-Cookie: theCatchSessionID=u9gm0gs7ouii7hhptnqdb3r2jl; expires=Wed, 16-Oct-2019 15:53:43 GMT; Max-Age=2; path=/; HttpOnly
Aktualni ulozena cookie:
#HttpOnly_challenges.thecatch.cz	FALSE	/	FALSE	1571241049	theCatchSessionID	u9gm0gs7ouii7hhptnqdb3r2jl
Vysledek:
You failed the test, you are just OUTDATED HUMAN!  
*** Koncim pokus ***
=== Zacinam pokus ===
Aktualni permutace: 00101101
Set-Cookie: theCatchSessionID=c4hsnij2hqgvvg7spml5gn186l; expires=Wed, 16-Oct-2019 15:53:43 GMT; Max-Age=2; path=/; HttpOnly
Aktualni ulozena cookie:
#HttpOnly_challenges.thecatch.cz	FALSE	/	FALSE	1571241049	theCatchSessionID	c4hsnij2hqgvvg7spml5gn186l
Vysledek:
You failed the test, you are just OUTDATED HUMAN!  
*** Koncim pokus ***
=== Zacinam pokus ===
Aktualni permutace: 00101110
Set-Cookie: theCatchSessionID=mo6nmvhkgeid5fdfb3q1uqmhsj; expires=Wed, 16-Oct-2019 15:53:43 GMT; Max-Age=2; path=/; HttpOnly
Aktualni ulozena cookie:
#HttpOnly_challenges.thecatch.cz	FALSE	/	FALSE	1571241050	theCatchSessionID	mo6nmvhkgeid5fdfb3q1uqmhsj
Vysledek:
You failed the test, you are just OUTDATED HUMAN!  
*** Koncim pokus ***
=== Zacinam pokus ===
Aktualni permutace: 00101111
Set-Cookie: theCatchSessionID=bdm9ojvntp7nnhg1e9rr83uug4; expires=Wed, 16-Oct-2019 15:53:43 GMT; Max-Age=2; path=/; HttpOnly
Aktualni ulozena cookie:
#HttpOnly_challenges.thecatch.cz	FALSE	/	FALSE	1571241050	theCatchSessionID	bdm9ojvntp7nnhg1e9rr83uug4
Vysledek:
You failed the test, you are just OUTDATED HUMAN!  
*** Koncim pokus ***
=== Zacinam pokus ===
Aktualni permutace: 00110000
Set-Cookie: theCatchSessionID=drt7into7kf18stc77uqp7n21f; expires=Wed, 16-Oct-2019 15:53:43 GMT; Max-Age=2; path=/; HttpOnly
Aktualni ulozena cookie:
#HttpOnly_challenges.thecatch.cz	FALSE	/	FALSE	1571241050	theCatchSessionID	drt7into7kf18stc77uqp7n21f
Vysledek:
You failed the test, you are just OUTDATED HUMAN!  
*** Koncim pokus ***
=== Zacinam pokus ===
Aktualni permutace: 00110001
Set-Cookie: theCatchSessionID=tj4sslregjq1fmnb1e61i2i8ea; expires=Wed, 16-Oct-2019 15:53:43 GMT; Max-Age=2; path=/; HttpOnly
Aktualni ulozena cookie:
#HttpOnly_challenges.thecatch.cz	FALSE	/	FALSE	1571241050	theCatchSessionID	tj4sslregjq1fmnb1e61i2i8ea
Vysledek:
You failed the test, you are just OUTDATED HUMAN!  
*** Koncim pokus ***
=== Zacinam pokus ===
Aktualni permutace: 00110010
Set-Cookie: theCatchSessionID=f691fq62gr3dqiieagdr3tc9ql; expires=Wed, 16-Oct-2019 15:53:43 GMT; Max-Age=2; path=/; HttpOnly
Aktualni ulozena cookie:
#HttpOnly_challenges.thecatch.cz	FALSE	/	FALSE	1571241050	theCatchSessionID	f691fq62gr3dqiieagdr3tc9ql
Vysledek:
You failed the test, you are just OUTDATED HUMAN!  
*** Koncim pokus ***
=== Zacinam pokus ===
Aktualni permutace: 00110011
Set-Cookie: theCatchSessionID=8sgejn1bg06ccgud3r9iioge2f; expires=Wed, 16-Oct-2019 15:53:44 GMT; Max-Age=2; path=/; HttpOnly
Aktualni ulozena cookie:
#HttpOnly_challenges.thecatch.cz	FALSE	/	FALSE	1571241050	theCatchSessionID	8sgejn1bg06ccgud3r9iioge2f
Vysledek:
You failed the test, you are just OUTDATED HUMAN!  
*** Koncim pokus ***
=== Zacinam pokus ===
Aktualni permutace: 00110100
Set-Cookie: theCatchSessionID=b608lrhn4ob06b7onrpa4e37cv; expires=Wed, 16-Oct-2019 15:53:44 GMT; Max-Age=2; path=/; HttpOnly
Aktualni ulozena cookie:
#HttpOnly_challenges.thecatch.cz	FALSE	/	FALSE	1571241050	theCatchSessionID	b608lrhn4ob06b7onrpa4e37cv
Vysledek:
You failed the test, you are just OUTDATED HUMAN!  
*** Koncim pokus ***
=== Zacinam pokus ===
Aktualni permutace: 00110101
Set-Cookie: theCatchSessionID=r60f9b17ma9p0bb4aateuh55kq; expires=Wed, 16-Oct-2019 15:53:44 GMT; Max-Age=2; path=/; HttpOnly
Aktualni ulozena cookie:
#HttpOnly_challenges.thecatch.cz	FALSE	/	FALSE	1571241050	theCatchSessionID	r60f9b17ma9p0bb4aateuh55kq
Vysledek:
You failed the test, you are just OUTDATED HUMAN!  
*** Koncim pokus ***
=== Zacinam pokus ===
Aktualni permutace: 00110110
Set-Cookie: theCatchSessionID=si76pj4pejpn7gaqge5odk2bt1; expires=Wed, 16-Oct-2019 15:53:44 GMT; Max-Age=2; path=/; HttpOnly
Aktualni ulozena cookie:
#HttpOnly_challenges.thecatch.cz	FALSE	/	FALSE	1571241051	theCatchSessionID	si76pj4pejpn7gaqge5odk2bt1
Vysledek:
You failed the test, you are just OUTDATED HUMAN!  
*** Koncim pokus ***
=== Zacinam pokus ===
Aktualni permutace: 00110111
Set-Cookie: theCatchSessionID=efhv68t7o0l086tduu6jru4t2n; expires=Wed, 16-Oct-2019 15:53:44 GMT; Max-Age=2; path=/; HttpOnly
Aktualni ulozena cookie:
#HttpOnly_challenges.thecatch.cz	FALSE	/	FALSE	1571241051	theCatchSessionID	efhv68t7o0l086tduu6jru4t2n
Vysledek:
You failed the test, you are just OUTDATED HUMAN!  
*** Koncim pokus ***
=== Zacinam pokus ===
Aktualni permutace: 00111000
Set-Cookie: theCatchSessionID=qfmutg7dcd6tifp20ch01783su; expires=Wed, 16-Oct-2019 15:53:44 GMT; Max-Age=2; path=/; HttpOnly
Aktualni ulozena cookie:
#HttpOnly_challenges.thecatch.cz	FALSE	/	FALSE	1571241051	theCatchSessionID	qfmutg7dcd6tifp20ch01783su
Vysledek:
You failed the test, you are just OUTDATED HUMAN!  
*** Koncim pokus ***
=== Zacinam pokus ===
Aktualni permutace: 00111001
Set-Cookie: theCatchSessionID=u9qkaabec8lkod83e2r0l022j0; expires=Wed, 16-Oct-2019 15:53:44 GMT; Max-Age=2; path=/; HttpOnly
Aktualni ulozena cookie:
#HttpOnly_challenges.thecatch.cz	FALSE	/	FALSE	1571241051	theCatchSessionID	u9qkaabec8lkod83e2r0l022j0
Vysledek:
You failed the test, you are just OUTDATED HUMAN!  
*** Koncim pokus ***
=== Zacinam pokus ===
Aktualni permutace: 00111010
Set-Cookie: theCatchSessionID=78p1feb5kavh70lgjpgt8a7j9a; expires=Wed, 16-Oct-2019 15:53:44 GMT; Max-Age=2; path=/; HttpOnly
Aktualni ulozena cookie:
#HttpOnly_challenges.thecatch.cz	FALSE	/	FALSE	1571241051	theCatchSessionID	78p1feb5kavh70lgjpgt8a7j9a
Vysledek:
You failed the test, you are just OUTDATED HUMAN!  
*** Koncim pokus ***
=== Zacinam pokus ===
Aktualni permutace: 00111011
Set-Cookie: theCatchSessionID=lrm69ggkhejnkbg85lgqohop8l; expires=Wed, 16-Oct-2019 15:53:45 GMT; Max-Age=2; path=/; HttpOnly
Aktualni ulozena cookie:
#HttpOnly_challenges.thecatch.cz	FALSE	/	FALSE	1571241051	theCatchSessionID	lrm69ggkhejnkbg85lgqohop8l
Vysledek:
You failed the test, you are just OUTDATED HUMAN!  
*** Koncim pokus ***
=== Zacinam pokus ===
Aktualni permutace: 00111100
Set-Cookie: theCatchSessionID=bqtc4s6vhi64gianve35l5jccv; expires=Wed, 16-Oct-2019 15:53:45 GMT; Max-Age=2; path=/; HttpOnly
Aktualni ulozena cookie:
#HttpOnly_challenges.thecatch.cz	FALSE	/	FALSE	1571241051	theCatchSessionID	bqtc4s6vhi64gianve35l5jccv
Vysledek:
You failed the test, you are just OUTDATED HUMAN!  
*** Koncim pokus ***
=== Zacinam pokus ===
Aktualni permutace: 00111101
Set-Cookie: theCatchSessionID=cr5f2ki6n65p4sr3v3co8s78ob; expires=Wed, 16-Oct-2019 15:53:45 GMT; Max-Age=2; path=/; HttpOnly
Aktualni ulozena cookie:
#HttpOnly_challenges.thecatch.cz	FALSE	/	FALSE	1571241051	theCatchSessionID	cr5f2ki6n65p4sr3v3co8s78ob
Vysledek:
You failed the test, you are just OUTDATED HUMAN!  
*** Koncim pokus ***
=== Zacinam pokus ===
Aktualni permutace: 00111110
Set-Cookie: theCatchSessionID=okvtbijmi20uj6bg5945e3b272; expires=Wed, 16-Oct-2019 15:53:45 GMT; Max-Age=2; path=/; HttpOnly
Aktualni ulozena cookie:
#HttpOnly_challenges.thecatch.cz	FALSE	/	FALSE	1571241052	theCatchSessionID	okvtbijmi20uj6bg5945e3b272
Vysledek:
You failed the test, you are just OUTDATED HUMAN!  
*** Koncim pokus ***
=== Zacinam pokus ===
Aktualni permutace: 00111111
Set-Cookie: theCatchSessionID=cghrbeus8gv26umkcs45fjtb1e; expires=Wed, 16-Oct-2019 15:53:45 GMT; Max-Age=2; path=/; HttpOnly
Aktualni ulozena cookie:
#HttpOnly_challenges.thecatch.cz	FALSE	/	FALSE	1571241052	theCatchSessionID	cghrbeus8gv26umkcs45fjtb1e
Vysledek:
You failed the test, you are just OUTDATED HUMAN!  
*** Koncim pokus ***
=== Zacinam pokus ===
Aktualni permutace: 01000000
Set-Cookie: theCatchSessionID=hgcba5rodp9jhe6mu5k2sg1e64; expires=Wed, 16-Oct-2019 15:53:45 GMT; Max-Age=2; path=/; HttpOnly
Aktualni ulozena cookie:
#HttpOnly_challenges.thecatch.cz	FALSE	/	FALSE	1571241052	theCatchSessionID	hgcba5rodp9jhe6mu5k2sg1e64
Vysledek:
You failed the test, you are just OUTDATED HUMAN!  
*** Koncim pokus ***
=== Zacinam pokus ===
Aktualni permutace: 01000001
Set-Cookie: theCatchSessionID=8tpl52n09icv0io847am2fq0ke; expires=Wed, 16-Oct-2019 15:53:45 GMT; Max-Age=2; path=/; HttpOnly
Aktualni ulozena cookie:
#HttpOnly_challenges.thecatch.cz	FALSE	/	FALSE	1571241052	theCatchSessionID	8tpl52n09icv0io847am2fq0ke
Vysledek:
You failed the test, you are just OUTDATED HUMAN!  
*** Koncim pokus ***
=== Zacinam pokus ===
Aktualni permutace: 01000010
Set-Cookie: theCatchSessionID=uv6hj14ch8lsg9mr9th5qoqtlv; expires=Wed, 16-Oct-2019 15:53:45 GMT; Max-Age=2; path=/; HttpOnly
Aktualni ulozena cookie:
#HttpOnly_challenges.thecatch.cz	FALSE	/	FALSE	1571241052	theCatchSessionID	uv6hj14ch8lsg9mr9th5qoqtlv
Vysledek:
You failed the test, you are just OUTDATED HUMAN!  
*** Koncim pokus ***
=== Zacinam pokus ===
Aktualni permutace: 01000011
Set-Cookie: theCatchSessionID=15ko96akl23meh9cdoaq43jl6v; expires=Wed, 16-Oct-2019 15:53:46 GMT; Max-Age=2; path=/; HttpOnly
Aktualni ulozena cookie:
#HttpOnly_challenges.thecatch.cz	FALSE	/	FALSE	1571241052	theCatchSessionID	15ko96akl23meh9cdoaq43jl6v
Vysledek:
You failed the test, you are just OUTDATED HUMAN!  
*** Koncim pokus ***
=== Zacinam pokus ===
Aktualni permutace: 01000100
Set-Cookie: theCatchSessionID=19m6im64egp8m7d2gscl2ohki2; expires=Wed, 16-Oct-2019 15:53:46 GMT; Max-Age=2; path=/; HttpOnly
Aktualni ulozena cookie:
#HttpOnly_challenges.thecatch.cz	FALSE	/	FALSE	1571241052	theCatchSessionID	19m6im64egp8m7d2gscl2ohki2
Vysledek:
You failed the test, you are just OUTDATED HUMAN!  
*** Koncim pokus ***
=== Zacinam pokus ===
Aktualni permutace: 01000101
Set-Cookie: theCatchSessionID=lukof8mlt6p09hqhea18tg0k5h; expires=Wed, 16-Oct-2019 15:53:46 GMT; Max-Age=2; path=/; HttpOnly
Aktualni ulozena cookie:
#HttpOnly_challenges.thecatch.cz	FALSE	/	FALSE	1571241052	theCatchSessionID	lukof8mlt6p09hqhea18tg0k5h
Vysledek:
You failed the test, you are just OUTDATED HUMAN!  
*** Koncim pokus ***
=== Zacinam pokus ===
Aktualni permutace: 01000110
Set-Cookie: theCatchSessionID=0nt8ucraliueloa1fppadne94e; expires=Wed, 16-Oct-2019 15:53:46 GMT; Max-Age=2; path=/; HttpOnly
Aktualni ulozena cookie:
#HttpOnly_challenges.thecatch.cz	FALSE	/	FALSE	1571241053	theCatchSessionID	0nt8ucraliueloa1fppadne94e
Vysledek:
You failed the test, you are just OUTDATED HUMAN!  
*** Koncim pokus ***
=== Zacinam pokus ===
Aktualni permutace: 01000111
Set-Cookie: theCatchSessionID=0dq5s7l70h1trumpjoqmbupqip; expires=Wed, 16-Oct-2019 15:53:46 GMT; Max-Age=2; path=/; HttpOnly
Aktualni ulozena cookie:
#HttpOnly_challenges.thecatch.cz	FALSE	/	FALSE	1571241053	theCatchSessionID	0dq5s7l70h1trumpjoqmbupqip
Vysledek:
You failed the test, you are just OUTDATED HUMAN!  
*** Koncim pokus ***
=== Zacinam pokus ===
Aktualni permutace: 01001000
Set-Cookie: theCatchSessionID=bgb6ls3rbctjv8a1gdh2d7t19s; expires=Wed, 16-Oct-2019 15:53:46 GMT; Max-Age=2; path=/; HttpOnly
Aktualni ulozena cookie:
#HttpOnly_challenges.thecatch.cz	FALSE	/	FALSE	1571241053	theCatchSessionID	bgb6ls3rbctjv8a1gdh2d7t19s
Vysledek:
You failed the test, you are just OUTDATED HUMAN!  
*** Koncim pokus ***
=== Zacinam pokus ===
Aktualni permutace: 01001001
Set-Cookie: theCatchSessionID=76p65bug15dt7jotokgt7hmp3g; expires=Wed, 16-Oct-2019 15:53:46 GMT; Max-Age=2; path=/; HttpOnly
Aktualni ulozena cookie:
#HttpOnly_challenges.thecatch.cz	FALSE	/	FALSE	1571241053	theCatchSessionID	76p65bug15dt7jotokgt7hmp3g
Vysledek:
You failed the test, you are just OUTDATED HUMAN!  
*** Koncim pokus ***
=== Zacinam pokus ===
Aktualni permutace: 01001010
Set-Cookie: theCatchSessionID=ok4c26ki3djh4rpg7rf62u0d5c; expires=Wed, 16-Oct-2019 15:53:47 GMT; Max-Age=2; path=/; HttpOnly
Aktualni ulozena cookie:
#HttpOnly_challenges.thecatch.cz	FALSE	/	FALSE	1571241053	theCatchSessionID	ok4c26ki3djh4rpg7rf62u0d5c
Vysledek:
You failed the test, you are just OUTDATED HUMAN!  
*** Koncim pokus ***
=== Zacinam pokus ===
Aktualni permutace: 01001011
Set-Cookie: theCatchSessionID=dnfmlkhft1aectll0jg00r9s3s; expires=Wed, 16-Oct-2019 15:53:47 GMT; Max-Age=2; path=/; HttpOnly
Aktualni ulozena cookie:
#HttpOnly_challenges.thecatch.cz	FALSE	/	FALSE	1571241053	theCatchSessionID	dnfmlkhft1aectll0jg00r9s3s
Vysledek:
You failed the test, you are just OUTDATED HUMAN!  
*** Koncim pokus ***
=== Zacinam pokus ===
Aktualni permutace: 01001100
Set-Cookie: theCatchSessionID=7k9l1r0pvlr3uedp1rambqknsl; expires=Wed, 16-Oct-2019 15:53:47 GMT; Max-Age=2; path=/; HttpOnly
Aktualni ulozena cookie:
#HttpOnly_challenges.thecatch.cz	FALSE	/	FALSE	1571241053	theCatchSessionID	7k9l1r0pvlr3uedp1rambqknsl
Vysledek:
You failed the test, you are just OUTDATED HUMAN!  
*** Koncim pokus ***
=== Zacinam pokus ===
Aktualni permutace: 01001101
Set-Cookie: theCatchSessionID=uhaccsuu1b1hcqb6mmmv8t376i; expires=Wed, 16-Oct-2019 15:53:47 GMT; Max-Age=2; path=/; HttpOnly
Aktualni ulozena cookie:
#HttpOnly_challenges.thecatch.cz	FALSE	/	FALSE	1571241054	theCatchSessionID	uhaccsuu1b1hcqb6mmmv8t376i
Vysledek:
You failed the test, you are just OUTDATED HUMAN!  
*** Koncim pokus ***
=== Zacinam pokus ===
Aktualni permutace: 01001110
Set-Cookie: theCatchSessionID=ekalibvjomj14kce4mturtmjv6; expires=Wed, 16-Oct-2019 15:53:47 GMT; Max-Age=2; path=/; HttpOnly
Aktualni ulozena cookie:
#HttpOnly_challenges.thecatch.cz	FALSE	/	FALSE	1571241054	theCatchSessionID	ekalibvjomj14kce4mturtmjv6
Vysledek:
You failed the test, you are just OUTDATED HUMAN!  
*** Koncim pokus ***
=== Zacinam pokus ===
Aktualni permutace: 01001111
Set-Cookie: theCatchSessionID=bi029h988k0qe62i812njm7cps; expires=Wed, 16-Oct-2019 15:53:47 GMT; Max-Age=2; path=/; HttpOnly
Aktualni ulozena cookie:
#HttpOnly_challenges.thecatch.cz	FALSE	/	FALSE	1571241054	theCatchSessionID	bi029h988k0qe62i812njm7cps
Vysledek:
You failed the test, you are just OUTDATED HUMAN!  
*** Koncim pokus ***
=== Zacinam pokus ===
Aktualni permutace: 01010000
Set-Cookie: theCatchSessionID=3109fth26v35k1qilmvvplij9b; expires=Wed, 16-Oct-2019 15:53:47 GMT; Max-Age=2; path=/; HttpOnly
Aktualni ulozena cookie:
#HttpOnly_challenges.thecatch.cz	FALSE	/	FALSE	1571241054	theCatchSessionID	3109fth26v35k1qilmvvplij9b
Vysledek:
You failed the test, you are just OUTDATED HUMAN!  
*** Koncim pokus ***
=== Zacinam pokus ===
Aktualni permutace: 01010001
Set-Cookie: theCatchSessionID=cfse20kpuuib1olsjpoiuav2sc; expires=Wed, 16-Oct-2019 15:53:48 GMT; Max-Age=2; path=/; HttpOnly
Aktualni ulozena cookie:
#HttpOnly_challenges.thecatch.cz	FALSE	/	FALSE	1571241054	theCatchSessionID	cfse20kpuuib1olsjpoiuav2sc
Vysledek:
You failed the test, you are just OUTDATED HUMAN!  
*** Koncim pokus ***
=== Zacinam pokus ===
Aktualni permutace: 01010010
Set-Cookie: theCatchSessionID=etg58fg84th06aotid8rtoqrkt; expires=Wed, 16-Oct-2019 15:53:48 GMT; Max-Age=2; path=/; HttpOnly
Aktualni ulozena cookie:
#HttpOnly_challenges.thecatch.cz	FALSE	/	FALSE	1571241054	theCatchSessionID	etg58fg84th06aotid8rtoqrkt
Vysledek:
You failed the test, you are just OUTDATED HUMAN!  
*** Koncim pokus ***
=== Zacinam pokus ===
Aktualni permutace: 01010011
Set-Cookie: theCatchSessionID=7bdfps28qvl100kp1786ktqrot; expires=Wed, 16-Oct-2019 15:53:48 GMT; Max-Age=2; path=/; HttpOnly
Aktualni ulozena cookie:
#HttpOnly_challenges.thecatch.cz	FALSE	/	FALSE	1571241054	theCatchSessionID	7bdfps28qvl100kp1786ktqrot
Vysledek:
You failed the test, you are just OUTDATED HUMAN!  
*** Koncim pokus ***
=== Zacinam pokus ===
Aktualni permutace: 01010100
Set-Cookie: theCatchSessionID=ntd7so8mk19cv3e27s9nbe5h5g; expires=Wed, 16-Oct-2019 15:53:48 GMT; Max-Age=2; path=/; HttpOnly
Aktualni ulozena cookie:
#HttpOnly_challenges.thecatch.cz	FALSE	/	FALSE	1571241055	theCatchSessionID	ntd7so8mk19cv3e27s9nbe5h5g
Vysledek:
You failed the test, you are just OUTDATED HUMAN!  
*** Koncim pokus ***
=== Zacinam pokus ===
Aktualni permutace: 01010101
Set-Cookie: theCatchSessionID=t1ndf3m3i59optc0d9l4stguoi; expires=Wed, 16-Oct-2019 15:53:48 GMT; Max-Age=2; path=/; HttpOnly
Aktualni ulozena cookie:
#HttpOnly_challenges.thecatch.cz	FALSE	/	FALSE	1571241055	theCatchSessionID	t1ndf3m3i59optc0d9l4stguoi
Vysledek:
You failed the test, you are just OUTDATED HUMAN!  
*** Koncim pokus ***
=== Zacinam pokus ===
Aktualni permutace: 01010110
Set-Cookie: theCatchSessionID=8jv5poiqlg00oh3s2efbutp5i0; expires=Wed, 16-Oct-2019 15:53:48 GMT; Max-Age=2; path=/; HttpOnly
Aktualni ulozena cookie:
#HttpOnly_challenges.thecatch.cz	FALSE	/	FALSE	1571241055	theCatchSessionID	8jv5poiqlg00oh3s2efbutp5i0
Vysledek:
You failed the test, you are just OUTDATED HUMAN!  
*** Koncim pokus ***
=== Zacinam pokus ===
Aktualni permutace: 01010111
Set-Cookie: theCatchSessionID=rk61shab6091r8501nuu350cha; expires=Wed, 16-Oct-2019 15:53:49 GMT; Max-Age=2; path=/; HttpOnly
Aktualni ulozena cookie:
#HttpOnly_challenges.thecatch.cz	FALSE	/	FALSE	1571241055	theCatchSessionID	rk61shab6091r8501nuu350cha
Vysledek:
You failed the test, you are just OUTDATED HUMAN!  
*** Koncim pokus ***
=== Zacinam pokus ===
Aktualni permutace: 01011000
Set-Cookie: theCatchSessionID=7mbvtpa13kqck1sduuvoifk8bu; expires=Wed, 16-Oct-2019 15:53:49 GMT; Max-Age=2; path=/; HttpOnly
Aktualni ulozena cookie:
#HttpOnly_challenges.thecatch.cz	FALSE	/	FALSE	1571241055	theCatchSessionID	7mbvtpa13kqck1sduuvoifk8bu
Vysledek:
You failed the test, you are just OUTDATED HUMAN!  
*** Koncim pokus ***
=== Zacinam pokus ===
Aktualni permutace: 01011001
Set-Cookie: theCatchSessionID=rgfn1id85nsb7sgbntala67kpo; expires=Wed, 16-Oct-2019 15:53:49 GMT; Max-Age=2; path=/; HttpOnly
Aktualni ulozena cookie:
#HttpOnly_challenges.thecatch.cz	FALSE	/	FALSE	1571241055	theCatchSessionID	rgfn1id85nsb7sgbntala67kpo
Vysledek:
You failed the test, you are just OUTDATED HUMAN!  
*** Koncim pokus ***
=== Zacinam pokus ===
Aktualni permutace: 01011010
Set-Cookie: theCatchSessionID=9n7k926c35664m53l5o1thmfkj; expires=Wed, 16-Oct-2019 15:53:49 GMT; Max-Age=2; path=/; HttpOnly
Aktualni ulozena cookie:
#HttpOnly_challenges.thecatch.cz	FALSE	/	FALSE	1571241055	theCatchSessionID	9n7k926c35664m53l5o1thmfkj
Vysledek:
You failed the test, you are just OUTDATED HUMAN!  
*** Koncim pokus ***
=== Zacinam pokus ===
Aktualni permutace: 01011011
Set-Cookie: theCatchSessionID=u5appor3n98l3h6358uqlicss4; expires=Wed, 16-Oct-2019 15:53:49 GMT; Max-Age=2; path=/; HttpOnly
Aktualni ulozena cookie:
#HttpOnly_challenges.thecatch.cz	FALSE	/	FALSE	1571241056	theCatchSessionID	u5appor3n98l3h6358uqlicss4
Vysledek:
You failed the test, you are just OUTDATED HUMAN!  
*** Koncim pokus ***
=== Zacinam pokus ===
Aktualni permutace: 01011100
Set-Cookie: theCatchSessionID=85d2n578ps1qmjplfmbt8jltd5; expires=Wed, 16-Oct-2019 15:53:49 GMT; Max-Age=2; path=/; HttpOnly
Aktualni ulozena cookie:
#HttpOnly_challenges.thecatch.cz	FALSE	/	FALSE	1571241056	theCatchSessionID	85d2n578ps1qmjplfmbt8jltd5
Vysledek:
You failed the test, you are just OUTDATED HUMAN!  
*** Koncim pokus ***
=== Zacinam pokus ===
Aktualni permutace: 01011101
Set-Cookie: theCatchSessionID=lig2q8rgm8t3hbmnm308nnvshg; expires=Wed, 16-Oct-2019 15:53:49 GMT; Max-Age=2; path=/; HttpOnly
Aktualni ulozena cookie:
#HttpOnly_challenges.thecatch.cz	FALSE	/	FALSE	1571241056	theCatchSessionID	lig2q8rgm8t3hbmnm308nnvshg
Vysledek:
You failed the test, you are just OUTDATED HUMAN!  
*** Koncim pokus ***
=== Zacinam pokus ===
Aktualni permutace: 01011110
Set-Cookie: theCatchSessionID=1ta6ckp0ne9e9tgaod180ske3a; expires=Wed, 16-Oct-2019 15:53:49 GMT; Max-Age=2; path=/; HttpOnly
Aktualni ulozena cookie:
#HttpOnly_challenges.thecatch.cz	FALSE	/	FALSE	1571241056	theCatchSessionID	1ta6ckp0ne9e9tgaod180ske3a
Vysledek:
You failed the test, you are just OUTDATED HUMAN!  
*** Koncim pokus ***
=== Zacinam pokus ===
Aktualni permutace: 01011111
Set-Cookie: theCatchSessionID=8gg5fn3momc9ucu6tkb1ve72b1; expires=Wed, 16-Oct-2019 15:53:50 GMT; Max-Age=2; path=/; HttpOnly
Aktualni ulozena cookie:
#HttpOnly_challenges.thecatch.cz	FALSE	/	FALSE	1571241056	theCatchSessionID	8gg5fn3momc9ucu6tkb1ve72b1
Vysledek:
You failed the test, you are just OUTDATED HUMAN!  
*** Koncim pokus ***
=== Zacinam pokus ===
Aktualni permutace: 01100000
Set-Cookie: theCatchSessionID=5m5m5tl4fptrm076mstqcvn8gl; expires=Wed, 16-Oct-2019 15:53:50 GMT; Max-Age=2; path=/; HttpOnly
Aktualni ulozena cookie:
#HttpOnly_challenges.thecatch.cz	FALSE	/	FALSE	1571241056	theCatchSessionID	5m5m5tl4fptrm076mstqcvn8gl
Vysledek:
You failed the test, you are just OUTDATED HUMAN!  
*** Koncim pokus ***
=== Zacinam pokus ===
Aktualni permutace: 01100001
Set-Cookie: theCatchSessionID=0cu4cr61dhto5c89fnc88rsc6h; expires=Wed, 16-Oct-2019 15:53:50 GMT; Max-Age=2; path=/; HttpOnly
Aktualni ulozena cookie:
#HttpOnly_challenges.thecatch.cz	FALSE	/	FALSE	1571241056	theCatchSessionID	0cu4cr61dhto5c89fnc88rsc6h
Vysledek:
You failed the test, you are just OUTDATED HUMAN!  
*** Koncim pokus ***
=== Zacinam pokus ===
Aktualni permutace: 01100010
Set-Cookie: theCatchSessionID=evel4vrf65c7jfgsugjjejscdh; expires=Wed, 16-Oct-2019 15:53:50 GMT; Max-Age=2; path=/; HttpOnly
Aktualni ulozena cookie:
#HttpOnly_challenges.thecatch.cz	FALSE	/	FALSE	1571241057	theCatchSessionID	evel4vrf65c7jfgsugjjejscdh
Vysledek:
You failed the test, you are just OUTDATED HUMAN!  
*** Koncim pokus ***
=== Zacinam pokus ===
Aktualni permutace: 01100011
Set-Cookie: theCatchSessionID=er5bilsvlc2dv76a5i38j7a378; expires=Wed, 16-Oct-2019 15:53:50 GMT; Max-Age=2; path=/; HttpOnly
Aktualni ulozena cookie:
#HttpOnly_challenges.thecatch.cz	FALSE	/	FALSE	1571241057	theCatchSessionID	er5bilsvlc2dv76a5i38j7a378
Vysledek:
You failed the test, you are just OUTDATED HUMAN!  
*** Koncim pokus ***
=== Zacinam pokus ===
Aktualni permutace: 01100100
Set-Cookie: theCatchSessionID=t7eptq01gvmefi9rvhen5qts81; expires=Wed, 16-Oct-2019 15:53:50 GMT; Max-Age=2; path=/; HttpOnly
Aktualni ulozena cookie:
#HttpOnly_challenges.thecatch.cz	FALSE	/	FALSE	1571241057	theCatchSessionID	t7eptq01gvmefi9rvhen5qts81
Vysledek:
You failed the test, you are just OUTDATED HUMAN!  
*** Koncim pokus ***
=== Zacinam pokus ===
Aktualni permutace: 01100101
Set-Cookie: theCatchSessionID=ev0521sg0oflmml69jo483n463; expires=Wed, 16-Oct-2019 15:53:50 GMT; Max-Age=2; path=/; HttpOnly
Aktualni ulozena cookie:
#HttpOnly_challenges.thecatch.cz	FALSE	/	FALSE	1571241057	theCatchSessionID	ev0521sg0oflmml69jo483n463
Vysledek:
You failed the test, you are just OUTDATED HUMAN!  
*** Koncim pokus ***
=== Zacinam pokus ===
Aktualni permutace: 01100110
Set-Cookie: theCatchSessionID=3a94nl74nieom8kum2kjed8p3i; expires=Wed, 16-Oct-2019 15:53:50 GMT; Max-Age=2; path=/; HttpOnly
Aktualni ulozena cookie:
#HttpOnly_challenges.thecatch.cz	FALSE	/	FALSE	1571241057	theCatchSessionID	3a94nl74nieom8kum2kjed8p3i
Vysledek:
You failed the test, you are just OUTDATED HUMAN!  
*** Koncim pokus ***
=== Zacinam pokus ===
Aktualni permutace: 01100111
Set-Cookie: theCatchSessionID=elpj6vnqn1ge3fdbth0untrj74; expires=Wed, 16-Oct-2019 15:53:51 GMT; Max-Age=2; path=/; HttpOnly
Aktualni ulozena cookie:
#HttpOnly_challenges.thecatch.cz	FALSE	/	FALSE	1571241057	theCatchSessionID	elpj6vnqn1ge3fdbth0untrj74
Vysledek:
You failed the test, you are just OUTDATED HUMAN!  
*** Koncim pokus ***
=== Zacinam pokus ===
Aktualni permutace: 01101000
Set-Cookie: theCatchSessionID=q7jqjrbvuhafn81723j0e0q790; expires=Wed, 16-Oct-2019 15:53:51 GMT; Max-Age=2; path=/; HttpOnly
Aktualni ulozena cookie:
#HttpOnly_challenges.thecatch.cz	FALSE	/	FALSE	1571241057	theCatchSessionID	q7jqjrbvuhafn81723j0e0q790
Vysledek:
You failed the test, you are just OUTDATED HUMAN!  
*** Koncim pokus ***
=== Zacinam pokus ===
Aktualni permutace: 01101001
Set-Cookie: theCatchSessionID=0fj00kf2u669i7c2h8ass4sau4; expires=Wed, 16-Oct-2019 15:53:51 GMT; Max-Age=2; path=/; HttpOnly
Aktualni ulozena cookie:
#HttpOnly_challenges.thecatch.cz	FALSE	/	FALSE	1571241057	theCatchSessionID	0fj00kf2u669i7c2h8ass4sau4
Vysledek:
You failed the test, you are just OUTDATED HUMAN!  
*** Koncim pokus ***
=== Zacinam pokus ===
Aktualni permutace: 01101010
Set-Cookie: theCatchSessionID=h5a1ob0cuqkvbih5nng7bt3v10; expires=Wed, 16-Oct-2019 15:53:51 GMT; Max-Age=2; path=/; HttpOnly
Aktualni ulozena cookie:
#HttpOnly_challenges.thecatch.cz	FALSE	/	FALSE	1571241058	theCatchSessionID	h5a1ob0cuqkvbih5nng7bt3v10
Vysledek:
You failed the test, you are just OUTDATED HUMAN!  
*** Koncim pokus ***
=== Zacinam pokus ===
Aktualni permutace: 01101011
Set-Cookie: theCatchSessionID=2dbatt3ei46qeiqa10nn6ig674; expires=Wed, 16-Oct-2019 15:53:51 GMT; Max-Age=2; path=/; HttpOnly
Aktualni ulozena cookie:
#HttpOnly_challenges.thecatch.cz	FALSE	/	FALSE	1571241058	theCatchSessionID	2dbatt3ei46qeiqa10nn6ig674
Vysledek:
You failed the test, you are just OUTDATED HUMAN!  
*** Koncim pokus ***
=== Zacinam pokus ===
Aktualni permutace: 01101100
Set-Cookie: theCatchSessionID=uho7gql19guq4e7rnim6d6cd5v; expires=Wed, 16-Oct-2019 15:53:51 GMT; Max-Age=2; path=/; HttpOnly
Aktualni ulozena cookie:
#HttpOnly_challenges.thecatch.cz	FALSE	/	FALSE	1571241058	theCatchSessionID	uho7gql19guq4e7rnim6d6cd5v
Vysledek:
You failed the test, you are just OUTDATED HUMAN!  
*** Koncim pokus ***
=== Zacinam pokus ===
Aktualni permutace: 01101101
Set-Cookie: theCatchSessionID=971tbdvs4vip912ijhpiae8j6e; expires=Wed, 16-Oct-2019 15:53:51 GMT; Max-Age=2; path=/; HttpOnly
Aktualni ulozena cookie:
#HttpOnly_challenges.thecatch.cz	FALSE	/	FALSE	1571241058	theCatchSessionID	971tbdvs4vip912ijhpiae8j6e
Vysledek:
You failed the test, you are just OUTDATED HUMAN!  
*** Koncim pokus ***
=== Zacinam pokus ===
Aktualni permutace: 01101110
Set-Cookie: theCatchSessionID=3qp4miul2oqkdfta3d1r1sk5mm; expires=Wed, 16-Oct-2019 15:53:52 GMT; Max-Age=2; path=/; HttpOnly
Aktualni ulozena cookie:
#HttpOnly_challenges.thecatch.cz	FALSE	/	FALSE	1571241058	theCatchSessionID	3qp4miul2oqkdfta3d1r1sk5mm
Vysledek:
You failed the test, you are just OUTDATED HUMAN!  
*** Koncim pokus ***
=== Zacinam pokus ===
Aktualni permutace: 01101111
Set-Cookie: theCatchSessionID=vs4acthf5ts8rui6vt71pj03hn; expires=Wed, 16-Oct-2019 15:53:52 GMT; Max-Age=2; path=/; HttpOnly
Aktualni ulozena cookie:
#HttpOnly_challenges.thecatch.cz	FALSE	/	FALSE	1571241058	theCatchSessionID	vs4acthf5ts8rui6vt71pj03hn
Vysledek:
You failed the test, you are just OUTDATED HUMAN!  
*** Koncim pokus ***
=== Zacinam pokus ===
Aktualni permutace: 01110000
Set-Cookie: theCatchSessionID=4edutvlfvtjd5u3gf311ts3h64; expires=Wed, 16-Oct-2019 15:53:52 GMT; Max-Age=2; path=/; HttpOnly
Aktualni ulozena cookie:
#HttpOnly_challenges.thecatch.cz	FALSE	/	FALSE	1571241058	theCatchSessionID	4edutvlfvtjd5u3gf311ts3h64
Vysledek:
You failed the test, you are just OUTDATED HUMAN!  
*** Koncim pokus ***
=== Zacinam pokus ===
Aktualni permutace: 01110001
Set-Cookie: theCatchSessionID=gc0c41tqs5tpb5700o9j741hdi; expires=Wed, 16-Oct-2019 15:53:52 GMT; Max-Age=2; path=/; HttpOnly
Aktualni ulozena cookie:
#HttpOnly_challenges.thecatch.cz	FALSE	/	FALSE	1571241059	theCatchSessionID	gc0c41tqs5tpb5700o9j741hdi
Vysledek:
You failed the test, you are just OUTDATED HUMAN!  
*** Koncim pokus ***
=== Zacinam pokus ===
Aktualni permutace: 01110010
Set-Cookie: theCatchSessionID=eef7e014h145d93a22mlb6qpsv; expires=Wed, 16-Oct-2019 15:53:52 GMT; Max-Age=2; path=/; HttpOnly
Aktualni ulozena cookie:
#HttpOnly_challenges.thecatch.cz	FALSE	/	FALSE	1571241059	theCatchSessionID	eef7e014h145d93a22mlb6qpsv
Vysledek:
You failed the test, you are just OUTDATED HUMAN!  
*** Koncim pokus ***
=== Zacinam pokus ===
Aktualni permutace: 01110011
Set-Cookie: theCatchSessionID=7dcbh7qi5uo8mfsbo3n0k1622a; expires=Wed, 16-Oct-2019 15:53:52 GMT; Max-Age=2; path=/; HttpOnly
Aktualni ulozena cookie:
#HttpOnly_challenges.thecatch.cz	FALSE	/	FALSE	1571241059	theCatchSessionID	7dcbh7qi5uo8mfsbo3n0k1622a
Vysledek:
You failed the test, you are just OUTDATED HUMAN!  
*** Koncim pokus ***
=== Zacinam pokus ===
Aktualni permutace: 01110100
Set-Cookie: theCatchSessionID=jpfjsbilionnbhtv3irac8aona; expires=Wed, 16-Oct-2019 15:53:52 GMT; Max-Age=2; path=/; HttpOnly
Aktualni ulozena cookie:
#HttpOnly_challenges.thecatch.cz	FALSE	/	FALSE	1571241059	theCatchSessionID	jpfjsbilionnbhtv3irac8aona
Vysledek:
You failed the test, you are just OUTDATED HUMAN!  
*** Koncim pokus ***
=== Zacinam pokus ===
Aktualni permutace: 01110101
Set-Cookie: theCatchSessionID=vatajb5l9oddibhjajos49bkja; expires=Wed, 16-Oct-2019 15:53:52 GMT; Max-Age=2; path=/; HttpOnly
Aktualni ulozena cookie:
#HttpOnly_challenges.thecatch.cz	FALSE	/	FALSE	1571241059	theCatchSessionID	vatajb5l9oddibhjajos49bkja
Vysledek:
You failed the test, you are just OUTDATED HUMAN!  
*** Koncim pokus ***
=== Zacinam pokus ===
Aktualni permutace: 01110110
Set-Cookie: theCatchSessionID=keah07hb36kqe8reovtcrbjrku; expires=Wed, 16-Oct-2019 15:53:53 GMT; Max-Age=2; path=/; HttpOnly
Aktualni ulozena cookie:
#HttpOnly_challenges.thecatch.cz	FALSE	/	FALSE	1571241059	theCatchSessionID	keah07hb36kqe8reovtcrbjrku
Vysledek:
You failed the test, you are just OUTDATED HUMAN!  
*** Koncim pokus ***
=== Zacinam pokus ===
Aktualni permutace: 01110111
Set-Cookie: theCatchSessionID=7mufe26ocdfl07krhlvg0u0qj6; expires=Wed, 16-Oct-2019 15:53:53 GMT; Max-Age=2; path=/; HttpOnly
Aktualni ulozena cookie:
#HttpOnly_challenges.thecatch.cz	FALSE	/	FALSE	1571241059	theCatchSessionID	7mufe26ocdfl07krhlvg0u0qj6
Vysledek:
You failed the test, you are just OUTDATED HUMAN!  
*** Koncim pokus ***
=== Zacinam pokus ===
Aktualni permutace: 01111000
Set-Cookie: theCatchSessionID=0qql00m86er5kl5nc7qkq606en; expires=Wed, 16-Oct-2019 15:53:53 GMT; Max-Age=2; path=/; HttpOnly
Aktualni ulozena cookie:
#HttpOnly_challenges.thecatch.cz	FALSE	/	FALSE	1571241059	theCatchSessionID	0qql00m86er5kl5nc7qkq606en
Vysledek:
You failed the test, you are just OUTDATED HUMAN!  
*** Koncim pokus ***
=== Zacinam pokus ===
Aktualni permutace: 01111001
Set-Cookie: theCatchSessionID=14k7d7gvs02hcs5io86fbjun1o; expires=Wed, 16-Oct-2019 15:53:53 GMT; Max-Age=2; path=/; HttpOnly
Aktualni ulozena cookie:
#HttpOnly_challenges.thecatch.cz	FALSE	/	FALSE	1571241060	theCatchSessionID	14k7d7gvs02hcs5io86fbjun1o
Vysledek:
You failed the test, you are just OUTDATED HUMAN!  
*** Koncim pokus ***
=== Zacinam pokus ===
Aktualni permutace: 01111010
Set-Cookie: theCatchSessionID=1fl7dd6dj6a32r92973ltcn65l; expires=Wed, 16-Oct-2019 15:53:53 GMT; Max-Age=2; path=/; HttpOnly
Aktualni ulozena cookie:
#HttpOnly_challenges.thecatch.cz	FALSE	/	FALSE	1571241060	theCatchSessionID	1fl7dd6dj6a32r92973ltcn65l
Vysledek:
You failed the test, you are just OUTDATED HUMAN!  
*** Koncim pokus ***
=== Zacinam pokus ===
Aktualni permutace: 01111011
Set-Cookie: theCatchSessionID=4l7fi2og5nqt09b0vq54trj3ri; expires=Wed, 16-Oct-2019 15:53:53 GMT; Max-Age=2; path=/; HttpOnly
Aktualni ulozena cookie:
#HttpOnly_challenges.thecatch.cz	FALSE	/	FALSE	1571241060	theCatchSessionID	4l7fi2og5nqt09b0vq54trj3ri
Vysledek:
You failed the test, you are just OUTDATED HUMAN!  
*** Koncim pokus ***
=== Zacinam pokus ===
Aktualni permutace: 01111100
Set-Cookie: theCatchSessionID=3phrkvlb8ngrhrg07k8b0bhdan; expires=Wed, 16-Oct-2019 15:53:53 GMT; Max-Age=2; path=/; HttpOnly
Aktualni ulozena cookie:
#HttpOnly_challenges.thecatch.cz	FALSE	/	FALSE	1571241060	theCatchSessionID	3phrkvlb8ngrhrg07k8b0bhdan
Vysledek:
You failed the test, you are just OUTDATED HUMAN!  
*** Koncim pokus ***
=== Zacinam pokus ===
Aktualni permutace: 01111101
Set-Cookie: theCatchSessionID=ufsnefrtmnbpktsrta4rgvpinf; expires=Wed, 16-Oct-2019 15:53:54 GMT; Max-Age=2; path=/; HttpOnly
Aktualni ulozena cookie:
#HttpOnly_challenges.thecatch.cz	FALSE	/	FALSE	1571241060	theCatchSessionID	ufsnefrtmnbpktsrta4rgvpinf
Vysledek:
You failed the test, you are just OUTDATED HUMAN!  
*** Koncim pokus ***
=== Zacinam pokus ===
Aktualni permutace: 01111110
Set-Cookie: theCatchSessionID=u7if1dclf1oh2l019vumo5e2di; expires=Wed, 16-Oct-2019 15:53:54 GMT; Max-Age=2; path=/; HttpOnly
Aktualni ulozena cookie:
#HttpOnly_challenges.thecatch.cz	FALSE	/	FALSE	1571241060	theCatchSessionID	u7if1dclf1oh2l019vumo5e2di
Vysledek:
You failed the test, you are just OUTDATED HUMAN!  
*** Koncim pokus ***
=== Zacinam pokus ===
Aktualni permutace: 01111111
Set-Cookie: theCatchSessionID=o7pff2a9vc9oc16s9vjc6te4ii; expires=Wed, 16-Oct-2019 15:53:54 GMT; Max-Age=2; path=/; HttpOnly
Aktualni ulozena cookie:
#HttpOnly_challenges.thecatch.cz	FALSE	/	FALSE	1571241060	theCatchSessionID	o7pff2a9vc9oc16s9vjc6te4ii
Vysledek:
You failed the test, you are just OUTDATED HUMAN!  
*** Koncim pokus ***
=== Zacinam pokus ===
Aktualni permutace: 10000000
Set-Cookie: theCatchSessionID=cftk65lvsmmgk4o5l5hrvbgv7h; expires=Wed, 16-Oct-2019 15:53:54 GMT; Max-Age=2; path=/; HttpOnly
Aktualni ulozena cookie:
#HttpOnly_challenges.thecatch.cz	FALSE	/	FALSE	1571241060	theCatchSessionID	cftk65lvsmmgk4o5l5hrvbgv7h
Vysledek:
You failed the test, you are just OUTDATED HUMAN!  
*** Koncim pokus ***
=== Zacinam pokus ===
Aktualni permutace: 10000001
Set-Cookie: theCatchSessionID=0sg3euo6lkq4uum0k1f4vcfefr; expires=Wed, 16-Oct-2019 15:53:54 GMT; Max-Age=2; path=/; HttpOnly
Aktualni ulozena cookie:
#HttpOnly_challenges.thecatch.cz	FALSE	/	FALSE	1571241061	theCatchSessionID	0sg3euo6lkq4uum0k1f4vcfefr
Vysledek:
You failed the test, you are just OUTDATED HUMAN!  
*** Koncim pokus ***
=== Zacinam pokus ===
Aktualni permutace: 10000010
Set-Cookie: theCatchSessionID=qaf6cvtcacphah91l50fbe5mdg; expires=Wed, 16-Oct-2019 15:53:54 GMT; Max-Age=2; path=/; HttpOnly
Aktualni ulozena cookie:
#HttpOnly_challenges.thecatch.cz	FALSE	/	FALSE	1571241061	theCatchSessionID	qaf6cvtcacphah91l50fbe5mdg
Vysledek:
You failed the test, you are just OUTDATED HUMAN!  
*** Koncim pokus ***
=== Zacinam pokus ===
Aktualni permutace: 10000011
Set-Cookie: theCatchSessionID=idgsksagvsldp2lmgeu4in06d9; expires=Wed, 16-Oct-2019 15:53:54 GMT; Max-Age=2; path=/; HttpOnly
Aktualni ulozena cookie:
#HttpOnly_challenges.thecatch.cz	FALSE	/	FALSE	1571241061	theCatchSessionID	idgsksagvsldp2lmgeu4in06d9
Vysledek:
You failed the test, you are just OUTDATED HUMAN!  
*** Koncim pokus ***
=== Zacinam pokus ===
Aktualni permutace: 10000100
Set-Cookie: theCatchSessionID=hng3qe7fbl7hvqod0hgauta7sh; expires=Wed, 16-Oct-2019 15:53:54 GMT; Max-Age=2; path=/; HttpOnly
Aktualni ulozena cookie:
#HttpOnly_challenges.thecatch.cz	FALSE	/	FALSE	1571241061	theCatchSessionID	hng3qe7fbl7hvqod0hgauta7sh
Vysledek:
You failed the test, you are just OUTDATED HUMAN!  
*** Koncim pokus ***
=== Zacinam pokus ===
Aktualni permutace: 10000101
Set-Cookie: theCatchSessionID=lvlno9tdnrhch3ks5p3cbapmfv; expires=Wed, 16-Oct-2019 15:53:55 GMT; Max-Age=2; path=/; HttpOnly
Aktualni ulozena cookie:
#HttpOnly_challenges.thecatch.cz	FALSE	/	FALSE	1571241061	theCatchSessionID	lvlno9tdnrhch3ks5p3cbapmfv
Vysledek:
You failed the test, you are just OUTDATED HUMAN!  
*** Koncim pokus ***
=== Zacinam pokus ===
Aktualni permutace: 10000110
Set-Cookie: theCatchSessionID=ll2qmfdj0rfkobkih19ldtmk4e; expires=Wed, 16-Oct-2019 15:53:55 GMT; Max-Age=2; path=/; HttpOnly
Aktualni ulozena cookie:
#HttpOnly_challenges.thecatch.cz	FALSE	/	FALSE	1571241061	theCatchSessionID	ll2qmfdj0rfkobkih19ldtmk4e
Vysledek:
You failed the test, you are just OUTDATED HUMAN!  
*** Koncim pokus ***
=== Zacinam pokus ===
Aktualni permutace: 10000111
Set-Cookie: theCatchSessionID=4fobl55rtcm240pvuo6nenvehb; expires=Wed, 16-Oct-2019 15:53:55 GMT; Max-Age=2; path=/; HttpOnly
Aktualni ulozena cookie:
#HttpOnly_challenges.thecatch.cz	FALSE	/	FALSE	1571241061	theCatchSessionID	4fobl55rtcm240pvuo6nenvehb
Vysledek:
You failed the test, you are just OUTDATED HUMAN!  
*** Koncim pokus ***
=== Zacinam pokus ===
Aktualni permutace: 10001000
Set-Cookie: theCatchSessionID=5po9rnjjgltuniagfagvqr2boa; expires=Wed, 16-Oct-2019 15:53:55 GMT; Max-Age=2; path=/; HttpOnly
Aktualni ulozena cookie:
#HttpOnly_challenges.thecatch.cz	FALSE	/	FALSE	1571241062	theCatchSessionID	5po9rnjjgltuniagfagvqr2boa
Vysledek:
You failed the test, you are just OUTDATED HUMAN!  
*** Koncim pokus ***
=== Zacinam pokus ===
Aktualni permutace: 10001001
Set-Cookie: theCatchSessionID=c7e7805d9e3nkbsv2c3d2q2oe7; expires=Wed, 16-Oct-2019 15:53:55 GMT; Max-Age=2; path=/; HttpOnly
Aktualni ulozena cookie:
#HttpOnly_challenges.thecatch.cz	FALSE	/	FALSE	1571241062	theCatchSessionID	c7e7805d9e3nkbsv2c3d2q2oe7
Vysledek:
You failed the test, you are just OUTDATED HUMAN!  
*** Koncim pokus ***
=== Zacinam pokus ===
Aktualni permutace: 10001010
Set-Cookie: theCatchSessionID=45e747mjumc2k3gjd18kqo61jg; expires=Wed, 16-Oct-2019 15:53:55 GMT; Max-Age=2; path=/; HttpOnly
Aktualni ulozena cookie:
#HttpOnly_challenges.thecatch.cz	FALSE	/	FALSE	1571241062	theCatchSessionID	45e747mjumc2k3gjd18kqo61jg
Vysledek:
You failed the test, you are just OUTDATED HUMAN!  
*** Koncim pokus ***
=== Zacinam pokus ===
Aktualni permutace: 10001011
Set-Cookie: theCatchSessionID=140ot4merdap4pj5spiug0drnr; expires=Wed, 16-Oct-2019 15:53:55 GMT; Max-Age=2; path=/; HttpOnly
Aktualni ulozena cookie:
#HttpOnly_challenges.thecatch.cz	FALSE	/	FALSE	1571241062	theCatchSessionID	140ot4merdap4pj5spiug0drnr
Vysledek:
You failed the test, you are just OUTDATED HUMAN!  
*** Koncim pokus ***
=== Zacinam pokus ===
Aktualni permutace: 10001100
Set-Cookie: theCatchSessionID=lp689c0m6aqfjtf1ai630f33q8; expires=Wed, 16-Oct-2019 15:53:56 GMT; Max-Age=2; path=/; HttpOnly
Aktualni ulozena cookie:
#HttpOnly_challenges.thecatch.cz	FALSE	/	FALSE	1571241062	theCatchSessionID	lp689c0m6aqfjtf1ai630f33q8
Vysledek:
You failed the test, you are just OUTDATED HUMAN!  
*** Koncim pokus ***
=== Zacinam pokus ===
Aktualni permutace: 10001101
Set-Cookie: theCatchSessionID=hiq9l1o78hevktt37qgvuusve1; expires=Wed, 16-Oct-2019 15:53:56 GMT; Max-Age=2; path=/; HttpOnly
Aktualni ulozena cookie:
#HttpOnly_challenges.thecatch.cz	FALSE	/	FALSE	1571241062	theCatchSessionID	hiq9l1o78hevktt37qgvuusve1
Vysledek:
You failed the test, you are just OUTDATED HUMAN!  
*** Koncim pokus ***
=== Zacinam pokus ===
Aktualni permutace: 10001110
Set-Cookie: theCatchSessionID=icb2h4rtkpqu2mfqpbp3v7cuhc; expires=Wed, 16-Oct-2019 15:53:56 GMT; Max-Age=2; path=/; HttpOnly
Aktualni ulozena cookie:
#HttpOnly_challenges.thecatch.cz	FALSE	/	FALSE	1571241062	theCatchSessionID	icb2h4rtkpqu2mfqpbp3v7cuhc
Vysledek:
You failed the test, you are just OUTDATED HUMAN!  
*** Koncim pokus ***
=== Zacinam pokus ===
Aktualni permutace: 10001111
Set-Cookie: theCatchSessionID=3ou6gfqldgk0vd7mi5gh7j69qf; expires=Wed, 16-Oct-2019 15:53:56 GMT; Max-Age=2; path=/; HttpOnly
Aktualni ulozena cookie:
#HttpOnly_challenges.thecatch.cz	FALSE	/	FALSE	1571241063	theCatchSessionID	3ou6gfqldgk0vd7mi5gh7j69qf
Vysledek:
You failed the test, you are just OUTDATED HUMAN!  
*** Koncim pokus ***
=== Zacinam pokus ===
Aktualni permutace: 10010000
Set-Cookie: theCatchSessionID=o0sg08bel0c7buobua5sja9qrk; expires=Wed, 16-Oct-2019 15:53:56 GMT; Max-Age=2; path=/; HttpOnly
Aktualni ulozena cookie:
#HttpOnly_challenges.thecatch.cz	FALSE	/	FALSE	1571241063	theCatchSessionID	o0sg08bel0c7buobua5sja9qrk
Vysledek:
FLAG{4FZC-Noax-arko-r0z5} 
*** Koncim pokus ***
=== Zacinam pokus ===
Aktualni permutace: 10010001
Set-Cookie: theCatchSessionID=hji4ouk8ihujad5oh4qrd5d206; expires=Wed, 16-Oct-2019 15:53:56 GMT; Max-Age=2; path=/; HttpOnly
Aktualni ulozena cookie:
#HttpOnly_challenges.thecatch.cz	FALSE	/	FALSE	1571241063	theCatchSessionID	hji4ouk8ihujad5oh4qrd5d206
Vysledek:
You failed the test, you are just OUTDATED HUMAN!  
*** Koncim pokus ***
=== Zacinam pokus ===
Aktualni permutace: 10010010
Set-Cookie: theCatchSessionID=4qlrmgv8vq0832hfuijh2h4csr; expires=Wed, 16-Oct-2019 15:53:56 GMT; Max-Age=2; path=/; HttpOnly
Aktualni ulozena cookie:
#HttpOnly_challenges.thecatch.cz	FALSE	/	FALSE	1571241063	theCatchSessionID	4qlrmgv8vq0832hfuijh2h4csr
Vysledek:
You failed the test, you are just OUTDATED HUMAN!  
*** Koncim pokus ***
=== Zacinam pokus ===
Aktualni permutace: 10010011
Set-Cookie: theCatchSessionID=9qf2hcrr2l7u9jtv17061skq54; expires=Wed, 16-Oct-2019 15:53:57 GMT; Max-Age=2; path=/; HttpOnly
Aktualni ulozena cookie:
#HttpOnly_challenges.thecatch.cz	FALSE	/	FALSE	1571241063	theCatchSessionID	9qf2hcrr2l7u9jtv17061skq54
Vysledek:
You failed the test, you are just OUTDATED HUMAN!  
*** Koncim pokus ***
=== Zacinam pokus ===
Aktualni permutace: 10010100
Set-Cookie: theCatchSessionID=m0koej8h61o0blh9nir58m9gso; expires=Wed, 16-Oct-2019 15:53:57 GMT; Max-Age=2; path=/; HttpOnly
Aktualni ulozena cookie:
#HttpOnly_challenges.thecatch.cz	FALSE	/	FALSE	1571241063	theCatchSessionID	m0koej8h61o0blh9nir58m9gso
Vysledek:
You failed the test, you are just OUTDATED HUMAN!  
*** Koncim pokus ***
=== Zacinam pokus ===
Aktualni permutace: 10010101
Set-Cookie: theCatchSessionID=p9hjblmilsk1l4kcng0rc697ph; expires=Wed, 16-Oct-2019 15:53:57 GMT; Max-Age=2; path=/; HttpOnly
Aktualni ulozena cookie:
#HttpOnly_challenges.thecatch.cz	FALSE	/	FALSE	1571241063	theCatchSessionID	p9hjblmilsk1l4kcng0rc697ph
Vysledek:
You failed the test, you are just OUTDATED HUMAN!  
*** Koncim pokus ***
=== Zacinam pokus ===
Aktualni permutace: 10010110
Set-Cookie: theCatchSessionID=mc0v4rs92lulig9j1iae1uucoe; expires=Wed, 16-Oct-2019 15:53:57 GMT; Max-Age=2; path=/; HttpOnly
Aktualni ulozena cookie:
#HttpOnly_challenges.thecatch.cz	FALSE	/	FALSE	1571241063	theCatchSessionID	mc0v4rs92lulig9j1iae1uucoe
Vysledek:
You failed the test, you are just OUTDATED HUMAN!  
*** Koncim pokus ***
=== Zacinam pokus ===
Aktualni permutace: 10010111
Set-Cookie: theCatchSessionID=o6rvaefor4hr2odvierbt9i1uh; expires=Wed, 16-Oct-2019 15:53:57 GMT; Max-Age=2; path=/; HttpOnly
Aktualni ulozena cookie:
#HttpOnly_challenges.thecatch.cz	FALSE	/	FALSE	1571241064	theCatchSessionID	o6rvaefor4hr2odvierbt9i1uh
Vysledek:
You failed the test, you are just OUTDATED HUMAN!  
*** Koncim pokus ***
=== Zacinam pokus ===
Aktualni permutace: 10011000
Set-Cookie: theCatchSessionID=1tdhmgc8jj0bpnvt1ramrqki7l; expires=Wed, 16-Oct-2019 15:53:57 GMT; Max-Age=2; path=/; HttpOnly
Aktualni ulozena cookie:
#HttpOnly_challenges.thecatch.cz	FALSE	/	FALSE	1571241064	theCatchSessionID	1tdhmgc8jj0bpnvt1ramrqki7l
Vysledek:
You failed the test, you are just OUTDATED HUMAN!  
*** Koncim pokus ***
=== Zacinam pokus ===
Aktualni permutace: 10011001
Set-Cookie: theCatchSessionID=9tbhhf9rudrt15beqo3tevkfk0; expires=Wed, 16-Oct-2019 15:53:57 GMT; Max-Age=2; path=/; HttpOnly
Aktualni ulozena cookie:
#HttpOnly_challenges.thecatch.cz	FALSE	/	FALSE	1571241064	theCatchSessionID	9tbhhf9rudrt15beqo3tevkfk0
Vysledek:
You failed the test, you are just OUTDATED HUMAN!  
*** Koncim pokus ***
=== Zacinam pokus ===
Aktualni permutace: 10011010
Set-Cookie: theCatchSessionID=9bu23c6oqf4uams3mq62qoukud; expires=Wed, 16-Oct-2019 15:53:58 GMT; Max-Age=2; path=/; HttpOnly
Aktualni ulozena cookie:
#HttpOnly_challenges.thecatch.cz	FALSE	/	FALSE	1571241064	theCatchSessionID	9bu23c6oqf4uams3mq62qoukud
Vysledek:
You failed the test, you are just OUTDATED HUMAN!  
*** Koncim pokus ***
=== Zacinam pokus ===
Aktualni permutace: 10011011
Set-Cookie: theCatchSessionID=nh4rqf27chkfu8dbg0t3gp37lf; expires=Wed, 16-Oct-2019 15:53:58 GMT; Max-Age=2; path=/; HttpOnly
Aktualni ulozena cookie:
#HttpOnly_challenges.thecatch.cz	FALSE	/	FALSE	1571241064	theCatchSessionID	nh4rqf27chkfu8dbg0t3gp37lf
Vysledek:
You failed the test, you are just OUTDATED HUMAN!  
*** Koncim pokus ***
=== Zacinam pokus ===
Aktualni permutace: 10011100
Set-Cookie: theCatchSessionID=2if014epjopb63g9g9s8a5qkdn; expires=Wed, 16-Oct-2019 15:53:58 GMT; Max-Age=2; path=/; HttpOnly
Aktualni ulozena cookie:
#HttpOnly_challenges.thecatch.cz	FALSE	/	FALSE	1571241064	theCatchSessionID	2if014epjopb63g9g9s8a5qkdn
Vysledek:
You failed the test, you are just OUTDATED HUMAN!  
*** Koncim pokus ***
=== Zacinam pokus ===
Aktualni permutace: 10011101
Set-Cookie: theCatchSessionID=gfk22hju65p5oh7c4vrjb07d7p; expires=Wed, 16-Oct-2019 15:53:58 GMT; Max-Age=2; path=/; HttpOnly
Aktualni ulozena cookie:
#HttpOnly_challenges.thecatch.cz	FALSE	/	FALSE	1571241064	theCatchSessionID	gfk22hju65p5oh7c4vrjb07d7p
Vysledek:
You failed the test, you are just OUTDATED HUMAN!  
*** Koncim pokus ***
=== Zacinam pokus ===
Aktualni permutace: 10011110
Set-Cookie: theCatchSessionID=43vfdo2tmv9o36jetsbe3em7dr; expires=Wed, 16-Oct-2019 15:53:58 GMT; Max-Age=2; path=/; HttpOnly
Aktualni ulozena cookie:
#HttpOnly_challenges.thecatch.cz	FALSE	/	FALSE	1571241065	theCatchSessionID	43vfdo2tmv9o36jetsbe3em7dr
Vysledek:
You failed the test, you are just OUTDATED HUMAN!  
*** Koncim pokus ***
=== Zacinam pokus ===
Aktualni permutace: 10011111
Set-Cookie: theCatchSessionID=vuhijg5fvu727a3seo7s1hqi24; expires=Wed, 16-Oct-2019 15:53:58 GMT; Max-Age=2; path=/; HttpOnly
Aktualni ulozena cookie:
#HttpOnly_challenges.thecatch.cz	FALSE	/	FALSE	1571241065	theCatchSessionID	vuhijg5fvu727a3seo7s1hqi24
Vysledek:
You failed the test, you are just OUTDATED HUMAN!  
*** Koncim pokus ***
=== Zacinam pokus ===
Aktualni permutace: 10100000
Set-Cookie: theCatchSessionID=rskgcqlcu69ti0i76cab3s8k5t; expires=Wed, 16-Oct-2019 15:53:58 GMT; Max-Age=2; path=/; HttpOnly
Aktualni ulozena cookie:
#HttpOnly_challenges.thecatch.cz	FALSE	/	FALSE	1571241065	theCatchSessionID	rskgcqlcu69ti0i76cab3s8k5t
Vysledek:
You failed the test, you are just OUTDATED HUMAN!  
*** Koncim pokus ***
=== Zacinam pokus ===
Aktualni permutace: 10100001
Set-Cookie: theCatchSessionID=a98cp8esa66q4b3b7au61jk40o; expires=Wed, 16-Oct-2019 15:53:58 GMT; Max-Age=2; path=/; HttpOnly
Aktualni ulozena cookie:
#HttpOnly_challenges.thecatch.cz	FALSE	/	FALSE	1571241065	theCatchSessionID	a98cp8esa66q4b3b7au61jk40o
Vysledek:
You failed the test, you are just OUTDATED HUMAN!  
*** Koncim pokus ***
=== Zacinam pokus ===
Aktualni permutace: 10100010
Set-Cookie: theCatchSessionID=7ddf8mjefjk5qi0c8d87l56glo; expires=Wed, 16-Oct-2019 15:53:59 GMT; Max-Age=2; path=/; HttpOnly
Aktualni ulozena cookie:
#HttpOnly_challenges.thecatch.cz	FALSE	/	FALSE	1571241065	theCatchSessionID	7ddf8mjefjk5qi0c8d87l56glo
Vysledek:
You failed the test, you are just OUTDATED HUMAN!  
*** Koncim pokus ***
=== Zacinam pokus ===
Aktualni permutace: 10100011
Set-Cookie: theCatchSessionID=digt19neo825cb5dglks7apq5l; expires=Wed, 16-Oct-2019 15:53:59 GMT; Max-Age=2; path=/; HttpOnly
Aktualni ulozena cookie:
#HttpOnly_challenges.thecatch.cz	FALSE	/	FALSE	1571241065	theCatchSessionID	digt19neo825cb5dglks7apq5l
Vysledek:
You failed the test, you are just OUTDATED HUMAN!  
*** Koncim pokus ***
=== Zacinam pokus ===
Aktualni permutace: 10100100
Set-Cookie: theCatchSessionID=8apvlp12vu5s70qj4dgp5jbq28; expires=Wed, 16-Oct-2019 15:53:59 GMT; Max-Age=2; path=/; HttpOnly
Aktualni ulozena cookie:
#HttpOnly_challenges.thecatch.cz	FALSE	/	FALSE	1571241065	theCatchSessionID	8apvlp12vu5s70qj4dgp5jbq28
Vysledek:
You failed the test, you are just OUTDATED HUMAN!  
*** Koncim pokus ***
=== Zacinam pokus ===
Aktualni permutace: 10100101
Set-Cookie: theCatchSessionID=85d2361nfm5o0418ne3bvlfqk5; expires=Wed, 16-Oct-2019 15:53:59 GMT; Max-Age=2; path=/; HttpOnly
Aktualni ulozena cookie:
#HttpOnly_challenges.thecatch.cz	FALSE	/	FALSE	1571241066	theCatchSessionID	85d2361nfm5o0418ne3bvlfqk5
Vysledek:
You failed the test, you are just OUTDATED HUMAN!  
*** Koncim pokus ***
=== Zacinam pokus ===
Aktualni permutace: 10100110
Set-Cookie: theCatchSessionID=2rp73l3073nr49sem63vlu2q2m; expires=Wed, 16-Oct-2019 15:53:59 GMT; Max-Age=2; path=/; HttpOnly
Aktualni ulozena cookie:
#HttpOnly_challenges.thecatch.cz	FALSE	/	FALSE	1571241066	theCatchSessionID	2rp73l3073nr49sem63vlu2q2m
Vysledek:
You failed the test, you are just OUTDATED HUMAN!  
*** Koncim pokus ***
=== Zacinam pokus ===
Aktualni permutace: 10100111
Set-Cookie: theCatchSessionID=deib2tqlkl867nprr2ae1o7f8u; expires=Wed, 16-Oct-2019 15:53:59 GMT; Max-Age=2; path=/; HttpOnly
Aktualni ulozena cookie:
#HttpOnly_challenges.thecatch.cz	FALSE	/	FALSE	1571241066	theCatchSessionID	deib2tqlkl867nprr2ae1o7f8u
Vysledek:
You failed the test, you are just OUTDATED HUMAN!  
*** Koncim pokus ***
=== Zacinam pokus ===
Aktualni permutace: 10101000
Set-Cookie: theCatchSessionID=tacm7r1ulr5ae2r09msoqtda51; expires=Wed, 16-Oct-2019 15:53:59 GMT; Max-Age=2; path=/; HttpOnly
Aktualni ulozena cookie:
#HttpOnly_challenges.thecatch.cz	FALSE	/	FALSE	1571241066	theCatchSessionID	tacm7r1ulr5ae2r09msoqtda51
Vysledek:
You failed the test, you are just OUTDATED HUMAN!  
*** Koncim pokus ***
=== Zacinam pokus ===
Aktualni permutace: 10101001
Set-Cookie: theCatchSessionID=6i7ikplqapaf76t95cvcdt8ra1; expires=Wed, 16-Oct-2019 15:54:00 GMT; Max-Age=2; path=/; HttpOnly
Aktualni ulozena cookie:
#HttpOnly_challenges.thecatch.cz	FALSE	/	FALSE	1571241066	theCatchSessionID	6i7ikplqapaf76t95cvcdt8ra1
Vysledek:
You failed the test, you are just OUTDATED HUMAN!  
*** Koncim pokus ***
=== Zacinam pokus ===
Aktualni permutace: 10101010
Set-Cookie: theCatchSessionID=0kp27ik87ffhaihjon1uhape3i; expires=Wed, 16-Oct-2019 15:54:00 GMT; Max-Age=2; path=/; HttpOnly
Aktualni ulozena cookie:
#HttpOnly_challenges.thecatch.cz	FALSE	/	FALSE	1571241066	theCatchSessionID	0kp27ik87ffhaihjon1uhape3i
Vysledek:
You failed the test, you are just OUTDATED HUMAN!  
*** Koncim pokus ***
=== Zacinam pokus ===
Aktualni permutace: 10101011
Set-Cookie: theCatchSessionID=vgu7r8hhg9lno7m6okgs122l6s; expires=Wed, 16-Oct-2019 15:54:00 GMT; Max-Age=2; path=/; HttpOnly
Aktualni ulozena cookie:
#HttpOnly_challenges.thecatch.cz	FALSE	/	FALSE	1571241066	theCatchSessionID	vgu7r8hhg9lno7m6okgs122l6s
Vysledek:
You failed the test, you are just OUTDATED HUMAN!  
*** Koncim pokus ***
=== Zacinam pokus ===
Aktualni permutace: 10101100
Set-Cookie: theCatchSessionID=1fd0iaitu2e5ntsnfg0n8alkbj; expires=Wed, 16-Oct-2019 15:54:00 GMT; Max-Age=2; path=/; HttpOnly
Aktualni ulozena cookie:
#HttpOnly_challenges.thecatch.cz	FALSE	/	FALSE	1571241067	theCatchSessionID	1fd0iaitu2e5ntsnfg0n8alkbj
Vysledek:
You failed the test, you are just OUTDATED HUMAN!  
*** Koncim pokus ***
=== Zacinam pokus ===
Aktualni permutace: 10101101
Set-Cookie: theCatchSessionID=of6duio56negmjuvq2k2ujm1vk; expires=Wed, 16-Oct-2019 15:54:00 GMT; Max-Age=2; path=/; HttpOnly
Aktualni ulozena cookie:
#HttpOnly_challenges.thecatch.cz	FALSE	/	FALSE	1571241067	theCatchSessionID	of6duio56negmjuvq2k2ujm1vk
Vysledek:
You failed the test, you are just OUTDATED HUMAN!  
*** Koncim pokus ***
=== Zacinam pokus ===
Aktualni permutace: 10101110
Set-Cookie: theCatchSessionID=hs6gg4utlen17l3hehol3lspgc; expires=Wed, 16-Oct-2019 15:54:00 GMT; Max-Age=2; path=/; HttpOnly
Aktualni ulozena cookie:
#HttpOnly_challenges.thecatch.cz	FALSE	/	FALSE	1571241067	theCatchSessionID	hs6gg4utlen17l3hehol3lspgc
Vysledek:
You failed the test, you are just OUTDATED HUMAN!  
*** Koncim pokus ***
=== Zacinam pokus ===
Aktualni permutace: 10101111
Set-Cookie: theCatchSessionID=5gfgojrct0qg6suthpbjoq65mp; expires=Wed, 16-Oct-2019 15:54:00 GMT; Max-Age=2; path=/; HttpOnly
Aktualni ulozena cookie:
#HttpOnly_challenges.thecatch.cz	FALSE	/	FALSE	1571241067	theCatchSessionID	5gfgojrct0qg6suthpbjoq65mp
Vysledek:
You failed the test, you are just OUTDATED HUMAN!  
*** Koncim pokus ***
=== Zacinam pokus ===
Aktualni permutace: 10110000
Set-Cookie: theCatchSessionID=gqhcgog2jktr6gcpf0d86m4ndg; expires=Wed, 16-Oct-2019 15:54:01 GMT; Max-Age=2; path=/; HttpOnly
Aktualni ulozena cookie:
#HttpOnly_challenges.thecatch.cz	FALSE	/	FALSE	1571241067	theCatchSessionID	gqhcgog2jktr6gcpf0d86m4ndg
Vysledek:
You failed the test, you are just OUTDATED HUMAN!  
*** Koncim pokus ***
=== Zacinam pokus ===
Aktualni permutace: 10110001
Set-Cookie: theCatchSessionID=8pv3kkku0ajl0cdg3on2b4esr6; expires=Wed, 16-Oct-2019 15:54:01 GMT; Max-Age=2; path=/; HttpOnly
Aktualni ulozena cookie:
#HttpOnly_challenges.thecatch.cz	FALSE	/	FALSE	1571241067	theCatchSessionID	8pv3kkku0ajl0cdg3on2b4esr6
Vysledek:
You failed the test, you are just OUTDATED HUMAN!  
*** Koncim pokus ***
=== Zacinam pokus ===
Aktualni permutace: 10110010
Set-Cookie: theCatchSessionID=2dd87m1gs7qs86feipep79nhem; expires=Wed, 16-Oct-2019 15:54:01 GMT; Max-Age=2; path=/; HttpOnly
Aktualni ulozena cookie:
#HttpOnly_challenges.thecatch.cz	FALSE	/	FALSE	1571241067	theCatchSessionID	2dd87m1gs7qs86feipep79nhem
Vysledek:
You failed the test, you are just OUTDATED HUMAN!  
*** Koncim pokus ***
=== Zacinam pokus ===
Aktualni permutace: 10110011
Set-Cookie: theCatchSessionID=dcc8o1436o7s42j1fimotlm4sa; expires=Wed, 16-Oct-2019 15:54:01 GMT; Max-Age=2; path=/; HttpOnly
Aktualni ulozena cookie:
#HttpOnly_challenges.thecatch.cz	FALSE	/	FALSE	1571241068	theCatchSessionID	dcc8o1436o7s42j1fimotlm4sa
Vysledek:
You failed the test, you are just OUTDATED HUMAN!  
*** Koncim pokus ***
=== Zacinam pokus ===
Aktualni permutace: 10110100
Set-Cookie: theCatchSessionID=dcutqvsqn4499np0dnoacih5po; expires=Wed, 16-Oct-2019 15:54:01 GMT; Max-Age=2; path=/; HttpOnly
Aktualni ulozena cookie:
#HttpOnly_challenges.thecatch.cz	FALSE	/	FALSE	1571241068	theCatchSessionID	dcutqvsqn4499np0dnoacih5po
Vysledek:
You failed the test, you are just OUTDATED HUMAN!  
*** Koncim pokus ***
=== Zacinam pokus ===
Aktualni permutace: 10110101
Set-Cookie: theCatchSessionID=ufqasglkcs62lpgep7c9bufcfd; expires=Wed, 16-Oct-2019 15:54:01 GMT; Max-Age=2; path=/; HttpOnly
Aktualni ulozena cookie:
#HttpOnly_challenges.thecatch.cz	FALSE	/	FALSE	1571241068	theCatchSessionID	ufqasglkcs62lpgep7c9bufcfd
Vysledek:
You failed the test, you are just OUTDATED HUMAN!  
*** Koncim pokus ***
=== Zacinam pokus ===
Aktualni permutace: 10110110
Set-Cookie: theCatchSessionID=j5pij7hcrh4k593n85kfia3afc; expires=Wed, 16-Oct-2019 15:54:01 GMT; Max-Age=2; path=/; HttpOnly
Aktualni ulozena cookie:
#HttpOnly_challenges.thecatch.cz	FALSE	/	FALSE	1571241068	theCatchSessionID	j5pij7hcrh4k593n85kfia3afc
Vysledek:
You failed the test, you are just OUTDATED HUMAN!  
*** Koncim pokus ***
=== Zacinam pokus ===
Aktualni permutace: 10110111
Set-Cookie: theCatchSessionID=uu17ococ0khea5tm38qor8bscm; expires=Wed, 16-Oct-2019 15:54:02 GMT; Max-Age=2; path=/; HttpOnly
Aktualni ulozena cookie:
#HttpOnly_challenges.thecatch.cz	FALSE	/	FALSE	1571241068	theCatchSessionID	uu17ococ0khea5tm38qor8bscm
Vysledek:
You failed the test, you are just OUTDATED HUMAN!  
*** Koncim pokus ***
=== Zacinam pokus ===
Aktualni permutace: 10111000
Set-Cookie: theCatchSessionID=n3boc84dbqebbp77iiaap19a9f; expires=Wed, 16-Oct-2019 15:54:02 GMT; Max-Age=2; path=/; HttpOnly
Aktualni ulozena cookie:
#HttpOnly_challenges.thecatch.cz	FALSE	/	FALSE	1571241068	theCatchSessionID	n3boc84dbqebbp77iiaap19a9f
Vysledek:
You failed the test, you are just OUTDATED HUMAN!  
*** Koncim pokus ***
=== Zacinam pokus ===
Aktualni permutace: 10111001
Set-Cookie: theCatchSessionID=dp6p9vrv3qoqae72k7n7vuafo1; expires=Wed, 16-Oct-2019 15:54:02 GMT; Max-Age=2; path=/; HttpOnly
Aktualni ulozena cookie:
#HttpOnly_challenges.thecatch.cz	FALSE	/	FALSE	1571241068	theCatchSessionID	dp6p9vrv3qoqae72k7n7vuafo1
Vysledek:
You failed the test, you are just OUTDATED HUMAN!  
*** Koncim pokus ***
=== Zacinam pokus ===
Aktualni permutace: 10111010
Set-Cookie: theCatchSessionID=l99rb3g5ecpm686tbprkc3288t; expires=Wed, 16-Oct-2019 15:54:02 GMT; Max-Age=2; path=/; HttpOnly
Aktualni ulozena cookie:
#HttpOnly_challenges.thecatch.cz	FALSE	/	FALSE	1571241069	theCatchSessionID	l99rb3g5ecpm686tbprkc3288t
Vysledek:
You failed the test, you are just OUTDATED HUMAN!  
*** Koncim pokus ***
=== Zacinam pokus ===
Aktualni permutace: 10111011
Set-Cookie: theCatchSessionID=9sfr68kqakrghmndijmp8r4ono; expires=Wed, 16-Oct-2019 15:54:02 GMT; Max-Age=2; path=/; HttpOnly
Aktualni ulozena cookie:
#HttpOnly_challenges.thecatch.cz	FALSE	/	FALSE	1571241069	theCatchSessionID	9sfr68kqakrghmndijmp8r4ono
Vysledek:
You failed the test, you are just OUTDATED HUMAN!  
*** Koncim pokus ***
=== Zacinam pokus ===
Aktualni permutace: 10111100
Set-Cookie: theCatchSessionID=koqs70vuda1ca46cg0dntds17c; expires=Wed, 16-Oct-2019 15:54:02 GMT; Max-Age=2; path=/; HttpOnly
Aktualni ulozena cookie:
#HttpOnly_challenges.thecatch.cz	FALSE	/	FALSE	1571241069	theCatchSessionID	koqs70vuda1ca46cg0dntds17c
Vysledek:
You failed the test, you are just OUTDATED HUMAN!  
*** Koncim pokus ***
=== Zacinam pokus ===
Aktualni permutace: 10111101
Set-Cookie: theCatchSessionID=fa1qfbc4o2stjnorlpio9p6qmt; expires=Wed, 16-Oct-2019 15:54:02 GMT; Max-Age=2; path=/; HttpOnly
Aktualni ulozena cookie:
#HttpOnly_challenges.thecatch.cz	FALSE	/	FALSE	1571241069	theCatchSessionID	fa1qfbc4o2stjnorlpio9p6qmt
Vysledek:
You failed the test, you are just OUTDATED HUMAN!  
*** Koncim pokus ***
=== Zacinam pokus ===
Aktualni permutace: 10111110
Set-Cookie: theCatchSessionID=972r36nf0g6mosdcooop5p94kk; expires=Wed, 16-Oct-2019 15:54:03 GMT; Max-Age=2; path=/; HttpOnly
Aktualni ulozena cookie:
#HttpOnly_challenges.thecatch.cz	FALSE	/	FALSE	1571241069	theCatchSessionID	972r36nf0g6mosdcooop5p94kk
Vysledek:
You failed the test, you are just OUTDATED HUMAN!  
*** Koncim pokus ***
=== Zacinam pokus ===
Aktualni permutace: 10111111
Set-Cookie: theCatchSessionID=a9k2pi0tcg6lutnpal4q9a3gj6; expires=Wed, 16-Oct-2019 15:54:03 GMT; Max-Age=2; path=/; HttpOnly
Aktualni ulozena cookie:
#HttpOnly_challenges.thecatch.cz	FALSE	/	FALSE	1571241069	theCatchSessionID	a9k2pi0tcg6lutnpal4q9a3gj6
Vysledek:
You failed the test, you are just OUTDATED HUMAN!  
*** Koncim pokus ***
=== Zacinam pokus ===
Aktualni permutace: 11000000
Set-Cookie: theCatchSessionID=bamept2jtktagp4h1g8lic1ql0; expires=Wed, 16-Oct-2019 15:54:03 GMT; Max-Age=2; path=/; HttpOnly
Aktualni ulozena cookie:
#HttpOnly_challenges.thecatch.cz	FALSE	/	FALSE	1571241069	theCatchSessionID	bamept2jtktagp4h1g8lic1ql0
Vysledek:
You failed the test, you are just OUTDATED HUMAN!  
*** Koncim pokus ***
=== Zacinam pokus ===
Aktualni permutace: 11000001
Set-Cookie: theCatchSessionID=kkdl7via0gk8el8u8jjj0fg0pc; expires=Wed, 16-Oct-2019 15:54:03 GMT; Max-Age=2; path=/; HttpOnly
Aktualni ulozena cookie:
#HttpOnly_challenges.thecatch.cz	FALSE	/	FALSE	1571241070	theCatchSessionID	kkdl7via0gk8el8u8jjj0fg0pc
Vysledek:
You failed the test, you are just OUTDATED HUMAN!  
*** Koncim pokus ***
=== Zacinam pokus ===
Aktualni permutace: 11000010
Set-Cookie: theCatchSessionID=9uqi5b4amcmmumbieap0fbc0j4; expires=Wed, 16-Oct-2019 15:54:03 GMT; Max-Age=2; path=/; HttpOnly
Aktualni ulozena cookie:
#HttpOnly_challenges.thecatch.cz	FALSE	/	FALSE	1571241070	theCatchSessionID	9uqi5b4amcmmumbieap0fbc0j4
Vysledek:
You failed the test, you are just OUTDATED HUMAN!  
*** Koncim pokus ***
=== Zacinam pokus ===
Aktualni permutace: 11000011
Set-Cookie: theCatchSessionID=47akra5dn9go8js324qbfqd6cg; expires=Wed, 16-Oct-2019 15:54:03 GMT; Max-Age=2; path=/; HttpOnly
Aktualni ulozena cookie:
#HttpOnly_challenges.thecatch.cz	FALSE	/	FALSE	1571241070	theCatchSessionID	47akra5dn9go8js324qbfqd6cg
Vysledek:
You failed the test, you are just OUTDATED HUMAN!  
*** Koncim pokus ***
=== Zacinam pokus ===
Aktualni permutace: 11000100
Set-Cookie: theCatchSessionID=apk6dpt9snn86ei9ntab5rpiur; expires=Wed, 16-Oct-2019 15:54:03 GMT; Max-Age=2; path=/; HttpOnly
Aktualni ulozena cookie:
#HttpOnly_challenges.thecatch.cz	FALSE	/	FALSE	1571241070	theCatchSessionID	apk6dpt9snn86ei9ntab5rpiur
Vysledek:
You failed the test, you are just OUTDATED HUMAN!  
*** Koncim pokus ***
=== Zacinam pokus ===
Aktualni permutace: 11000101
Set-Cookie: theCatchSessionID=969vf5ddhg6ougul2aig66o5jn; expires=Wed, 16-Oct-2019 15:54:04 GMT; Max-Age=2; path=/; HttpOnly
Aktualni ulozena cookie:
#HttpOnly_challenges.thecatch.cz	FALSE	/	FALSE	1571241070	theCatchSessionID	969vf5ddhg6ougul2aig66o5jn
Vysledek:
You failed the test, you are just OUTDATED HUMAN!  
*** Koncim pokus ***
=== Zacinam pokus ===
Aktualni permutace: 11000110
Set-Cookie: theCatchSessionID=9brndk54u31j7lls7cnvphbg60; expires=Wed, 16-Oct-2019 15:54:04 GMT; Max-Age=2; path=/; HttpOnly
Aktualni ulozena cookie:
#HttpOnly_challenges.thecatch.cz	FALSE	/	FALSE	1571241070	theCatchSessionID	9brndk54u31j7lls7cnvphbg60
Vysledek:
You failed the test, you are just OUTDATED HUMAN!  
*** Koncim pokus ***
=== Zacinam pokus ===
Aktualni permutace: 11000111
Set-Cookie: theCatchSessionID=3q4on6unpn7i5pi8bgm4pdi5uc; expires=Wed, 16-Oct-2019 15:54:04 GMT; Max-Age=2; path=/; HttpOnly
Aktualni ulozena cookie:
#HttpOnly_challenges.thecatch.cz	FALSE	/	FALSE	1571241070	theCatchSessionID	3q4on6unpn7i5pi8bgm4pdi5uc
Vysledek:
You failed the test, you are just OUTDATED HUMAN!  
*** Koncim pokus ***
=== Zacinam pokus ===
Aktualni permutace: 11001000
Set-Cookie: theCatchSessionID=3586efiqs4pca556n0ihka72js; expires=Wed, 16-Oct-2019 15:54:04 GMT; Max-Age=2; path=/; HttpOnly
Aktualni ulozena cookie:
#HttpOnly_challenges.thecatch.cz	FALSE	/	FALSE	1571241071	theCatchSessionID	3586efiqs4pca556n0ihka72js
Vysledek:
You failed the test, you are just OUTDATED HUMAN!  
*** Koncim pokus ***
=== Zacinam pokus ===
Aktualni permutace: 11001001
Set-Cookie: theCatchSessionID=9ei77c4hgssrct0qfctnvbrmpe; expires=Wed, 16-Oct-2019 15:54:04 GMT; Max-Age=2; path=/; HttpOnly
Aktualni ulozena cookie:
#HttpOnly_challenges.thecatch.cz	FALSE	/	FALSE	1571241071	theCatchSessionID	9ei77c4hgssrct0qfctnvbrmpe
Vysledek:
You failed the test, you are just OUTDATED HUMAN!  
*** Koncim pokus ***
=== Zacinam pokus ===
Aktualni permutace: 11001010
Set-Cookie: theCatchSessionID=02uel7cuav0t3vqbanmt437a5e; expires=Wed, 16-Oct-2019 15:54:04 GMT; Max-Age=2; path=/; HttpOnly
Aktualni ulozena cookie:
#HttpOnly_challenges.thecatch.cz	FALSE	/	FALSE	1571241071	theCatchSessionID	02uel7cuav0t3vqbanmt437a5e
Vysledek:
You failed the test, you are just OUTDATED HUMAN!  
*** Koncim pokus ***
=== Zacinam pokus ===
Aktualni permutace: 11001011
Set-Cookie: theCatchSessionID=kva439f8cvt1cdj862npqr1s6l; expires=Wed, 16-Oct-2019 15:54:04 GMT; Max-Age=2; path=/; HttpOnly
Aktualni ulozena cookie:
#HttpOnly_challenges.thecatch.cz	FALSE	/	FALSE	1571241071	theCatchSessionID	kva439f8cvt1cdj862npqr1s6l
Vysledek:
You failed the test, you are just OUTDATED HUMAN!  
*** Koncim pokus ***
=== Zacinam pokus ===
Aktualni permutace: 11001100
Set-Cookie: theCatchSessionID=h9h0afgc8pn7r0a27t1f2g5bl4; expires=Wed, 16-Oct-2019 15:54:05 GMT; Max-Age=2; path=/; HttpOnly
Aktualni ulozena cookie:
#HttpOnly_challenges.thecatch.cz	FALSE	/	FALSE	1571241071	theCatchSessionID	h9h0afgc8pn7r0a27t1f2g5bl4
Vysledek:
You failed the test, you are just OUTDATED HUMAN!  
*** Koncim pokus ***
=== Zacinam pokus ===
Aktualni permutace: 11001101
Set-Cookie: theCatchSessionID=88lgv9mke0ihic3oh97kj91m08; expires=Wed, 16-Oct-2019 15:54:05 GMT; Max-Age=2; path=/; HttpOnly
Aktualni ulozena cookie:
#HttpOnly_challenges.thecatch.cz	FALSE	/	FALSE	1571241071	theCatchSessionID	88lgv9mke0ihic3oh97kj91m08
Vysledek:
You failed the test, you are just OUTDATED HUMAN!  
*** Koncim pokus ***
=== Zacinam pokus ===
Aktualni permutace: 11001110
Set-Cookie: theCatchSessionID=jguea8oqn8l5c07o8vo0fk78un; expires=Wed, 16-Oct-2019 15:54:05 GMT; Max-Age=2; path=/; HttpOnly
Aktualni ulozena cookie:
#HttpOnly_challenges.thecatch.cz	FALSE	/	FALSE	1571241072	theCatchSessionID	jguea8oqn8l5c07o8vo0fk78un
Vysledek:
You failed the test, you are just OUTDATED HUMAN!  
*** Koncim pokus ***
=== Zacinam pokus ===
Aktualni permutace: 11001111
Set-Cookie: theCatchSessionID=v0uskfujdq56jn26bp2ggq8m42; expires=Wed, 16-Oct-2019 15:54:05 GMT; Max-Age=2; path=/; HttpOnly
Aktualni ulozena cookie:
#HttpOnly_challenges.thecatch.cz	FALSE	/	FALSE	1571241072	theCatchSessionID	v0uskfujdq56jn26bp2ggq8m42
Vysledek:
You failed the test, you are just OUTDATED HUMAN!  
*** Koncim pokus ***
=== Zacinam pokus ===
Aktualni permutace: 11010000
Set-Cookie: theCatchSessionID=qpvqm1fdlk4nn5ct607vci3k4t; expires=Wed, 16-Oct-2019 15:54:05 GMT; Max-Age=2; path=/; HttpOnly
Aktualni ulozena cookie:
#HttpOnly_challenges.thecatch.cz	FALSE	/	FALSE	1571241072	theCatchSessionID	qpvqm1fdlk4nn5ct607vci3k4t
Vysledek:
You failed the test, you are just OUTDATED HUMAN!  
*** Koncim pokus ***
=== Zacinam pokus ===
Aktualni permutace: 11010001
Set-Cookie: theCatchSessionID=6ljkftdco4ta49agjafudo52p4; expires=Wed, 16-Oct-2019 15:54:05 GMT; Max-Age=2; path=/; HttpOnly
Aktualni ulozena cookie:
#HttpOnly_challenges.thecatch.cz	FALSE	/	FALSE	1571241072	theCatchSessionID	6ljkftdco4ta49agjafudo52p4
Vysledek:
You failed the test, you are just OUTDATED HUMAN!  
*** Koncim pokus ***
=== Zacinam pokus ===
Aktualni permutace: 11010010
Set-Cookie: theCatchSessionID=p2g9mdch46q1e85eefsvsahfop; expires=Wed, 16-Oct-2019 15:54:05 GMT; Max-Age=2; path=/; HttpOnly
Aktualni ulozena cookie:
#HttpOnly_challenges.thecatch.cz	FALSE	/	FALSE	1571241072	theCatchSessionID	p2g9mdch46q1e85eefsvsahfop
Vysledek:
You failed the test, you are just OUTDATED HUMAN!  
*** Koncim pokus ***
=== Zacinam pokus ===
Aktualni permutace: 11010011
Set-Cookie: theCatchSessionID=lccqbt4a1drlm1m3f0be03mpd0; expires=Wed, 16-Oct-2019 15:54:06 GMT; Max-Age=2; path=/; HttpOnly
Aktualni ulozena cookie:
#HttpOnly_challenges.thecatch.cz	FALSE	/	FALSE	1571241072	theCatchSessionID	lccqbt4a1drlm1m3f0be03mpd0
Vysledek:
You failed the test, you are just OUTDATED HUMAN!  
*** Koncim pokus ***
=== Zacinam pokus ===
Aktualni permutace: 11010100
Set-Cookie: theCatchSessionID=i0nrktvsrne0o61hm0vl9varrn; expires=Wed, 16-Oct-2019 15:54:06 GMT; Max-Age=2; path=/; HttpOnly
Aktualni ulozena cookie:
#HttpOnly_challenges.thecatch.cz	FALSE	/	FALSE	1571241072	theCatchSessionID	i0nrktvsrne0o61hm0vl9varrn
Vysledek:
You failed the test, you are just OUTDATED HUMAN!  
*** Koncim pokus ***
=== Zacinam pokus ===
Aktualni permutace: 11010101
Set-Cookie: theCatchSessionID=uftsredejjrls6rloj46ttdhfi; expires=Wed, 16-Oct-2019 15:54:06 GMT; Max-Age=2; path=/; HttpOnly
Aktualni ulozena cookie:
#HttpOnly_challenges.thecatch.cz	FALSE	/	FALSE	1571241072	theCatchSessionID	uftsredejjrls6rloj46ttdhfi
Vysledek:
You failed the test, you are just OUTDATED HUMAN!  
*** Koncim pokus ***
=== Zacinam pokus ===
Aktualni permutace: 11010110
Set-Cookie: theCatchSessionID=2avvsbj518nhq0dmjao2smqt64; expires=Wed, 16-Oct-2019 15:54:06 GMT; Max-Age=2; path=/; HttpOnly
Aktualni ulozena cookie:
#HttpOnly_challenges.thecatch.cz	FALSE	/	FALSE	1571241073	theCatchSessionID	2avvsbj518nhq0dmjao2smqt64
Vysledek:
You failed the test, you are just OUTDATED HUMAN!  
*** Koncim pokus ***
=== Zacinam pokus ===
Aktualni permutace: 11010111
Set-Cookie: theCatchSessionID=bltkvbb47gqi9b5qceq6fu5e4s; expires=Wed, 16-Oct-2019 15:54:06 GMT; Max-Age=2; path=/; HttpOnly
Aktualni ulozena cookie:
#HttpOnly_challenges.thecatch.cz	FALSE	/	FALSE	1571241073	theCatchSessionID	bltkvbb47gqi9b5qceq6fu5e4s
Vysledek:
You failed the test, you are just OUTDATED HUMAN!  
*** Koncim pokus ***
=== Zacinam pokus ===
Aktualni permutace: 11011000
Set-Cookie: theCatchSessionID=j3ba4dt4ssno66nj3tfarulp68; expires=Wed, 16-Oct-2019 15:54:06 GMT; Max-Age=2; path=/; HttpOnly
Aktualni ulozena cookie:
#HttpOnly_challenges.thecatch.cz	FALSE	/	FALSE	1571241073	theCatchSessionID	j3ba4dt4ssno66nj3tfarulp68
Vysledek:
You failed the test, you are just OUTDATED HUMAN!  
*** Koncim pokus ***
=== Zacinam pokus ===
Aktualni permutace: 11011001
Set-Cookie: theCatchSessionID=ulssflq6da1bakt03vqqnb3j0o; expires=Wed, 16-Oct-2019 15:54:06 GMT; Max-Age=2; path=/; HttpOnly
Aktualni ulozena cookie:
#HttpOnly_challenges.thecatch.cz	FALSE	/	FALSE	1571241073	theCatchSessionID	ulssflq6da1bakt03vqqnb3j0o
Vysledek:
FLAG{4FZC-Noax-arko-r0z5} 
*** Koncim pokus ***
=== Zacinam pokus ===
Aktualni permutace: 11011010
Set-Cookie: theCatchSessionID=pdk5rodkp8mru4a4494ibmsfoi; expires=Wed, 16-Oct-2019 15:54:07 GMT; Max-Age=2; path=/; HttpOnly
Aktualni ulozena cookie:
#HttpOnly_challenges.thecatch.cz	FALSE	/	FALSE	1571241073	theCatchSessionID	pdk5rodkp8mru4a4494ibmsfoi
Vysledek:
You failed the test, you are just OUTDATED HUMAN!  
*** Koncim pokus ***
=== Zacinam pokus ===
Aktualni permutace: 11011011
Set-Cookie: theCatchSessionID=6nndo0a2rq6aqkitrrf91d7m9c; expires=Wed, 16-Oct-2019 15:54:07 GMT; Max-Age=2; path=/; HttpOnly
Aktualni ulozena cookie:
#HttpOnly_challenges.thecatch.cz	FALSE	/	FALSE	1571241073	theCatchSessionID	6nndo0a2rq6aqkitrrf91d7m9c
Vysledek:
You failed the test, you are just OUTDATED HUMAN!  
*** Koncim pokus ***
=== Zacinam pokus ===
Aktualni permutace: 11011100
Set-Cookie: theCatchSessionID=f9mf3srmn15o5o3384nb50vm0s; expires=Wed, 16-Oct-2019 15:54:07 GMT; Max-Age=2; path=/; HttpOnly
Aktualni ulozena cookie:
#HttpOnly_challenges.thecatch.cz	FALSE	/	FALSE	1571241073	theCatchSessionID	f9mf3srmn15o5o3384nb50vm0s
Vysledek:
You failed the test, you are just OUTDATED HUMAN!  
*** Koncim pokus ***
=== Zacinam pokus ===
Aktualni permutace: 11011101
Set-Cookie: theCatchSessionID=avpr5lvlrffkr90p2coelg10kr; expires=Wed, 16-Oct-2019 15:54:07 GMT; Max-Age=2; path=/; HttpOnly
Aktualni ulozena cookie:
#HttpOnly_challenges.thecatch.cz	FALSE	/	FALSE	1571241074	theCatchSessionID	avpr5lvlrffkr90p2coelg10kr
Vysledek:
You failed the test, you are just OUTDATED HUMAN!  
*** Koncim pokus ***
=== Zacinam pokus ===
Aktualni permutace: 11011110
Set-Cookie: theCatchSessionID=5jjhafh1hhrisdrhrlbbofkrqm; expires=Wed, 16-Oct-2019 15:54:07 GMT; Max-Age=2; path=/; HttpOnly
Aktualni ulozena cookie:
#HttpOnly_challenges.thecatch.cz	FALSE	/	FALSE	1571241074	theCatchSessionID	5jjhafh1hhrisdrhrlbbofkrqm
Vysledek:
You failed the test, you are just OUTDATED HUMAN!  
*** Koncim pokus ***
=== Zacinam pokus ===
Aktualni permutace: 11011111
Set-Cookie: theCatchSessionID=1mvukbb4lfeu2grup74ck3ti6k; expires=Wed, 16-Oct-2019 15:54:07 GMT; Max-Age=2; path=/; HttpOnly
Aktualni ulozena cookie:
#HttpOnly_challenges.thecatch.cz	FALSE	/	FALSE	1571241074	theCatchSessionID	1mvukbb4lfeu2grup74ck3ti6k
Vysledek:
You failed the test, you are just OUTDATED HUMAN!  
*** Koncim pokus ***
=== Zacinam pokus ===
Aktualni permutace: 11100000
Set-Cookie: theCatchSessionID=17oq08qnjtklr5ri1cppc494br; expires=Wed, 16-Oct-2019 15:54:07 GMT; Max-Age=2; path=/; HttpOnly
Aktualni ulozena cookie:
#HttpOnly_challenges.thecatch.cz	FALSE	/	FALSE	1571241074	theCatchSessionID	17oq08qnjtklr5ri1cppc494br
Vysledek:
You failed the test, you are just OUTDATED HUMAN!  
*** Koncim pokus ***
=== Zacinam pokus ===
Aktualni permutace: 11100001
Set-Cookie: theCatchSessionID=pv25eeujmr3jk9u854aoavpf7e; expires=Wed, 16-Oct-2019 15:54:08 GMT; Max-Age=2; path=/; HttpOnly
Aktualni ulozena cookie:
#HttpOnly_challenges.thecatch.cz	FALSE	/	FALSE	1571241074	theCatchSessionID	pv25eeujmr3jk9u854aoavpf7e
Vysledek:
You failed the test, you are just OUTDATED HUMAN!  
*** Koncim pokus ***
=== Zacinam pokus ===
Aktualni permutace: 11100010
Set-Cookie: theCatchSessionID=719qnmeoicluhjtkc88m5jii4e; expires=Wed, 16-Oct-2019 15:54:08 GMT; Max-Age=2; path=/; HttpOnly
Aktualni ulozena cookie:
#HttpOnly_challenges.thecatch.cz	FALSE	/	FALSE	1571241074	theCatchSessionID	719qnmeoicluhjtkc88m5jii4e
Vysledek:
You failed the test, you are just OUTDATED HUMAN!  
*** Koncim pokus ***
=== Zacinam pokus ===
Aktualni permutace: 11100011
Set-Cookie: theCatchSessionID=3kg0fgi9b4jucic54vi7u5eqrq; expires=Wed, 16-Oct-2019 15:54:08 GMT; Max-Age=2; path=/; HttpOnly
Aktualni ulozena cookie:
#HttpOnly_challenges.thecatch.cz	FALSE	/	FALSE	1571241074	theCatchSessionID	3kg0fgi9b4jucic54vi7u5eqrq
Vysledek:
You failed the test, you are just OUTDATED HUMAN!  
*** Koncim pokus ***
=== Zacinam pokus ===
Aktualni permutace: 11100100
Set-Cookie: theCatchSessionID=f64uf2je2d99r2te3sf588aud8; expires=Wed, 16-Oct-2019 15:54:08 GMT; Max-Age=2; path=/; HttpOnly
Aktualni ulozena cookie:
#HttpOnly_challenges.thecatch.cz	FALSE	/	FALSE	1571241075	theCatchSessionID	f64uf2je2d99r2te3sf588aud8
Vysledek:
You failed the test, you are just OUTDATED HUMAN!  
*** Koncim pokus ***
=== Zacinam pokus ===
Aktualni permutace: 11100101
Set-Cookie: theCatchSessionID=v1ha2q9jlkg9n3kso8jjt87g9s; expires=Wed, 16-Oct-2019 15:54:08 GMT; Max-Age=2; path=/; HttpOnly
Aktualni ulozena cookie:
#HttpOnly_challenges.thecatch.cz	FALSE	/	FALSE	1571241075	theCatchSessionID	v1ha2q9jlkg9n3kso8jjt87g9s
Vysledek:
You failed the test, you are just OUTDATED HUMAN!  
*** Koncim pokus ***
=== Zacinam pokus ===
Aktualni permutace: 11100110
Set-Cookie: theCatchSessionID=to9209hrj9hnbt7jovmkgvdehg; expires=Wed, 16-Oct-2019 15:54:08 GMT; Max-Age=2; path=/; HttpOnly
Aktualni ulozena cookie:
#HttpOnly_challenges.thecatch.cz	FALSE	/	FALSE	1571241075	theCatchSessionID	to9209hrj9hnbt7jovmkgvdehg
Vysledek:
You failed the test, you are just OUTDATED HUMAN!  
*** Koncim pokus ***
=== Zacinam pokus ===
Aktualni permutace: 11100111
Set-Cookie: theCatchSessionID=cgn9hbq0fhkinvkft69vdmm7tr; expires=Wed, 16-Oct-2019 15:54:08 GMT; Max-Age=2; path=/; HttpOnly
Aktualni ulozena cookie:
#HttpOnly_challenges.thecatch.cz	FALSE	/	FALSE	1571241075	theCatchSessionID	cgn9hbq0fhkinvkft69vdmm7tr
Vysledek:
You failed the test, you are just OUTDATED HUMAN!  
*** Koncim pokus ***
=== Zacinam pokus ===
Aktualni permutace: 11101000
Set-Cookie: theCatchSessionID=n42m5l2cf2tg47o41uudgokpd9; expires=Wed, 16-Oct-2019 15:54:09 GMT; Max-Age=2; path=/; HttpOnly
Aktualni ulozena cookie:
#HttpOnly_challenges.thecatch.cz	FALSE	/	FALSE	1571241075	theCatchSessionID	n42m5l2cf2tg47o41uudgokpd9
Vysledek:
You failed the test, you are just OUTDATED HUMAN!  
*** Koncim pokus ***
=== Zacinam pokus ===
Aktualni permutace: 11101001
Set-Cookie: theCatchSessionID=kq5o73end09d3a0p3eqvia44sf; expires=Wed, 16-Oct-2019 15:54:09 GMT; Max-Age=2; path=/; HttpOnly
Aktualni ulozena cookie:
#HttpOnly_challenges.thecatch.cz	FALSE	/	FALSE	1571241075	theCatchSessionID	kq5o73end09d3a0p3eqvia44sf
Vysledek:
You failed the test, you are just OUTDATED HUMAN!  
*** Koncim pokus ***
=== Zacinam pokus ===
Aktualni permutace: 11101010
Set-Cookie: theCatchSessionID=7j0gjqsmf45rqb0oeaie253mib; expires=Wed, 16-Oct-2019 15:54:09 GMT; Max-Age=2; path=/; HttpOnly
Aktualni ulozena cookie:
#HttpOnly_challenges.thecatch.cz	FALSE	/	FALSE	1571241076	theCatchSessionID	7j0gjqsmf45rqb0oeaie253mib
Vysledek:
You failed the test, you are just OUTDATED HUMAN!  
*** Koncim pokus ***
=== Zacinam pokus ===
Aktualni permutace: 11101011
Set-Cookie: theCatchSessionID=gro66dkji66mebsikhvj229v51; expires=Wed, 16-Oct-2019 15:54:09 GMT; Max-Age=2; path=/; HttpOnly
Aktualni ulozena cookie:
#HttpOnly_challenges.thecatch.cz	FALSE	/	FALSE	1571241076	theCatchSessionID	gro66dkji66mebsikhvj229v51
Vysledek:
You failed the test, you are just OUTDATED HUMAN!  
*** Koncim pokus ***
=== Zacinam pokus ===
Aktualni permutace: 11101100
Set-Cookie: theCatchSessionID=qsnaj32r3lhgcbiph5tn7om90e; expires=Wed, 16-Oct-2019 15:54:09 GMT; Max-Age=2; path=/; HttpOnly
Aktualni ulozena cookie:
#HttpOnly_challenges.thecatch.cz	FALSE	/	FALSE	1571241076	theCatchSessionID	qsnaj32r3lhgcbiph5tn7om90e
Vysledek:
You failed the test, you are just OUTDATED HUMAN!  
*** Koncim pokus ***
=== Zacinam pokus ===
Aktualni permutace: 11101101
Set-Cookie: theCatchSessionID=g033h3i5u3b4rma6fdevvg523r; expires=Wed, 16-Oct-2019 15:54:09 GMT; Max-Age=2; path=/; HttpOnly
Aktualni ulozena cookie:
#HttpOnly_challenges.thecatch.cz	FALSE	/	FALSE	1571241076	theCatchSessionID	g033h3i5u3b4rma6fdevvg523r
Vysledek:
You failed the test, you are just OUTDATED HUMAN!  
*** Koncim pokus ***
=== Zacinam pokus ===
Aktualni permutace: 11101110
Set-Cookie: theCatchSessionID=hincpshctf3jaggf6hrjh7kj73; expires=Wed, 16-Oct-2019 15:54:09 GMT; Max-Age=2; path=/; HttpOnly
Aktualni ulozena cookie:
#HttpOnly_challenges.thecatch.cz	FALSE	/	FALSE	1571241076	theCatchSessionID	hincpshctf3jaggf6hrjh7kj73
Vysledek:
You failed the test, you are just OUTDATED HUMAN!  
*** Koncim pokus ***
=== Zacinam pokus ===
Aktualni permutace: 11101111
Set-Cookie: theCatchSessionID=99ogh2fauhr0rbnoo6ffmhr5s7; expires=Wed, 16-Oct-2019 15:54:10 GMT; Max-Age=2; path=/; HttpOnly
Aktualni ulozena cookie:
#HttpOnly_challenges.thecatch.cz	FALSE	/	FALSE	1571241076	theCatchSessionID	99ogh2fauhr0rbnoo6ffmhr5s7
Vysledek:
You failed the test, you are just OUTDATED HUMAN!  
*** Koncim pokus ***
=== Zacinam pokus ===
Aktualni permutace: 11110000
Set-Cookie: theCatchSessionID=b67a6o6friqpgcgkd9pncbtng2; expires=Wed, 16-Oct-2019 15:54:10 GMT; Max-Age=2; path=/; HttpOnly
Aktualni ulozena cookie:
#HttpOnly_challenges.thecatch.cz	FALSE	/	FALSE	1571241076	theCatchSessionID	b67a6o6friqpgcgkd9pncbtng2
Vysledek:
You failed the test, you are just OUTDATED HUMAN!  
*** Koncim pokus ***
=== Zacinam pokus ===
Aktualni permutace: 11110001
Set-Cookie: theCatchSessionID=75hd9mjcovootps5lcqdstn3lp; expires=Wed, 16-Oct-2019 15:54:10 GMT; Max-Age=2; path=/; HttpOnly
Aktualni ulozena cookie:
#HttpOnly_challenges.thecatch.cz	FALSE	/	FALSE	1571241076	theCatchSessionID	75hd9mjcovootps5lcqdstn3lp
Vysledek:
You failed the test, you are just OUTDATED HUMAN!  
*** Koncim pokus ***
=== Zacinam pokus ===
Aktualni permutace: 11110010
Set-Cookie: theCatchSessionID=uvq16qg8lcvd7f8kvtj67c4lpe; expires=Wed, 16-Oct-2019 15:54:10 GMT; Max-Age=2; path=/; HttpOnly
Aktualni ulozena cookie:
#HttpOnly_challenges.thecatch.cz	FALSE	/	FALSE	1571241077	theCatchSessionID	uvq16qg8lcvd7f8kvtj67c4lpe
Vysledek:
You failed the test, you are just OUTDATED HUMAN!  
*** Koncim pokus ***
=== Zacinam pokus ===
Aktualni permutace: 11110011
Set-Cookie: theCatchSessionID=ch58032g5fg6is4cmgosfc5c91; expires=Wed, 16-Oct-2019 15:54:10 GMT; Max-Age=2; path=/; HttpOnly
Aktualni ulozena cookie:
#HttpOnly_challenges.thecatch.cz	FALSE	/	FALSE	1571241077	theCatchSessionID	ch58032g5fg6is4cmgosfc5c91
Vysledek:
You failed the test, you are just OUTDATED HUMAN!  
*** Koncim pokus ***
=== Zacinam pokus ===
Aktualni permutace: 11110100
Set-Cookie: theCatchSessionID=aq9a6311gvnmbe76gopn7nil11; expires=Wed, 16-Oct-2019 15:54:10 GMT; Max-Age=2; path=/; HttpOnly
Aktualni ulozena cookie:
#HttpOnly_challenges.thecatch.cz	FALSE	/	FALSE	1571241077	theCatchSessionID	aq9a6311gvnmbe76gopn7nil11
Vysledek:
You failed the test, you are just OUTDATED HUMAN!  
*** Koncim pokus ***
=== Zacinam pokus ===
Aktualni permutace: 11110101
Set-Cookie: theCatchSessionID=3mth2hls0rt7gohtrvpl05vk4s; expires=Wed, 16-Oct-2019 15:54:10 GMT; Max-Age=2; path=/; HttpOnly
Aktualni ulozena cookie:
#HttpOnly_challenges.thecatch.cz	FALSE	/	FALSE	1571241077	theCatchSessionID	3mth2hls0rt7gohtrvpl05vk4s
Vysledek:
You failed the test, you are just OUTDATED HUMAN!  
*** Koncim pokus ***
=== Zacinam pokus ===
Aktualni permutace: 11110110
Set-Cookie: theCatchSessionID=vrf1l1m2don4n1b6cps6rbdjvv; expires=Wed, 16-Oct-2019 15:54:11 GMT; Max-Age=2; path=/; HttpOnly
Aktualni ulozena cookie:
#HttpOnly_challenges.thecatch.cz	FALSE	/	FALSE	1571241077	theCatchSessionID	vrf1l1m2don4n1b6cps6rbdjvv
Vysledek:
You failed the test, you are just OUTDATED HUMAN!  
*** Koncim pokus ***
=== Zacinam pokus ===
Aktualni permutace: 11110111
Set-Cookie: theCatchSessionID=kiopo03rb2nj9vtt54ivl20n7g; expires=Wed, 16-Oct-2019 15:54:11 GMT; Max-Age=2; path=/; HttpOnly
Aktualni ulozena cookie:
#HttpOnly_challenges.thecatch.cz	FALSE	/	FALSE	1571241077	theCatchSessionID	kiopo03rb2nj9vtt54ivl20n7g
Vysledek:
You failed the test, you are just OUTDATED HUMAN!  
*** Koncim pokus ***
=== Zacinam pokus ===
Aktualni permutace: 11111000
Set-Cookie: theCatchSessionID=69842mjm5mqs99gd0us4qb148s; expires=Wed, 16-Oct-2019 15:54:11 GMT; Max-Age=2; path=/; HttpOnly
Aktualni ulozena cookie:
#HttpOnly_challenges.thecatch.cz	FALSE	/	FALSE	1571241077	theCatchSessionID	69842mjm5mqs99gd0us4qb148s
Vysledek:
You failed the test, you are just OUTDATED HUMAN!  
*** Koncim pokus ***
=== Zacinam pokus ===
Aktualni permutace: 11111001
Set-Cookie: theCatchSessionID=ufbnf7b5r3kpde57trfolkn1qf; expires=Wed, 16-Oct-2019 15:54:11 GMT; Max-Age=2; path=/; HttpOnly
Aktualni ulozena cookie:
#HttpOnly_challenges.thecatch.cz	FALSE	/	FALSE	1571241078	theCatchSessionID	ufbnf7b5r3kpde57trfolkn1qf
Vysledek:
You failed the test, you are just OUTDATED HUMAN!  
*** Koncim pokus ***
=== Zacinam pokus ===
Aktualni permutace: 11111010
Set-Cookie: theCatchSessionID=m44rh4na18iu8pj4vjroqcgm68; expires=Wed, 16-Oct-2019 15:54:11 GMT; Max-Age=2; path=/; HttpOnly
Aktualni ulozena cookie:
#HttpOnly_challenges.thecatch.cz	FALSE	/	FALSE	1571241078	theCatchSessionID	m44rh4na18iu8pj4vjroqcgm68
Vysledek:
You failed the test, you are just OUTDATED HUMAN!  
*** Koncim pokus ***
=== Zacinam pokus ===
Aktualni permutace: 11111011
Set-Cookie: theCatchSessionID=1vdt4e2ne7ie8fr41cohoerh49; expires=Wed, 16-Oct-2019 15:54:11 GMT; Max-Age=2; path=/; HttpOnly
Aktualni ulozena cookie:
#HttpOnly_challenges.thecatch.cz	FALSE	/	FALSE	1571241078	theCatchSessionID	1vdt4e2ne7ie8fr41cohoerh49
Vysledek:
You failed the test, you are just OUTDATED HUMAN!  
*** Koncim pokus ***
=== Zacinam pokus ===
Aktualni permutace: 11111100
Set-Cookie: theCatchSessionID=pms3e1bqs8fjokdn3arf3lrhct; expires=Wed, 16-Oct-2019 15:54:11 GMT; Max-Age=2; path=/; HttpOnly
Aktualni ulozena cookie:
#HttpOnly_challenges.thecatch.cz	FALSE	/	FALSE	1571241078	theCatchSessionID	pms3e1bqs8fjokdn3arf3lrhct
Vysledek:
You failed the test, you are just OUTDATED HUMAN!  
*** Koncim pokus ***
=== Zacinam pokus ===
Aktualni permutace: 11111101
Set-Cookie: theCatchSessionID=l4fugunumjgucjhq1iu03aec6o; expires=Wed, 16-Oct-2019 15:54:12 GMT; Max-Age=2; path=/; HttpOnly
Aktualni ulozena cookie:
#HttpOnly_challenges.thecatch.cz	FALSE	/	FALSE	1571241078	theCatchSessionID	l4fugunumjgucjhq1iu03aec6o
Vysledek:
You failed the test, you are just OUTDATED HUMAN!  
*** Koncim pokus ***
=== Zacinam pokus ===
Aktualni permutace: 11111110
Set-Cookie: theCatchSessionID=cn63uscl2q3d0jgedi6vtc7ch6; expires=Wed, 16-Oct-2019 15:54:12 GMT; Max-Age=2; path=/; HttpOnly
Aktualni ulozena cookie:
#HttpOnly_challenges.thecatch.cz	FALSE	/	FALSE	1571241078	theCatchSessionID	cn63uscl2q3d0jgedi6vtc7ch6
Vysledek:
You failed the test, you are just OUTDATED HUMAN!  
*** Koncim pokus ***
=== Zacinam pokus ===
Aktualni permutace: 11111111
Set-Cookie: theCatchSessionID=8bilcm53sod49iubm31o7icvep; expires=Wed, 16-Oct-2019 15:54:12 GMT; Max-Age=2; path=/; HttpOnly
Aktualni ulozena cookie:
#HttpOnly_challenges.thecatch.cz	FALSE	/	FALSE	1571241078	theCatchSessionID	8bilcm53sod49iubm31o7icvep
Vysledek:
You failed the test, you are just OUTDATED HUMAN!  
*** Koncim pokus ***
